-- The C compiler identification is GNU 9.5.0
-- The CXX compiler identification is GNU 9.5.0
-- Detecting C compiler ABI info
-- Detecting C compiler ABI info - done
-- Check for working C compiler: /usr/bin/gcc - skipped
-- Detecting C compile features
-- Detecting C compile features - done
-- Detecting CXX compiler ABI info
-- Detecting CXX compiler ABI info - done
-- Check for working CXX compiler: /usr/bin/g++ - skipped
-- Detecting CXX compile features
-- Detecting CXX compile features - done
-- Found ament_cmake: 1.3.10 (/opt/ros/humble/share/ament_cmake/cmake)
-- Found Python3: /usr/bin/python3 (found version "3.10.12") found components: Interpreter 
-- Found moveit_core: 2.5.5 (/home/fins/Workspace/moveit2_ws/install/moveit_core/share/moveit_core/cmake)
-- Found Boost: /usr/lib/x86_64-linux-gnu/cmake/Boost-1.74.0/BoostConfig.cmake (found version "1.74.0") found components: chrono date_time filesystem iostreams program_options regex serialization system thread 
-- Found parameter_traits: 0.3.8 (/opt/ros/humble/share/parameter_traits/cmake)
-- Found rosidl_generator_c: 3.1.5 (/opt/ros/humble/share/rosidl_generator_c/cmake)
-- Found rosidl_adapter: 3.1.5 (/opt/ros/humble/share/rosidl_adapter/cmake)
-- Found rosidl_generator_cpp: 3.1.5 (/opt/ros/humble/share/rosidl_generator_cpp/cmake)
-- Using all available rosidl_typesupport_c: rosidl_typesupport_fastrtps_c;rosidl_typesupport_introspection_c
-- Using all available rosidl_typesupport_cpp: rosidl_typesupport_fastrtps_cpp;rosidl_typesupport_introspection_cpp
-- Found rmw_implementation_cmake: 6.1.2 (/opt/ros/humble/share/rmw_implementation_cmake/cmake)
-- Found rmw_fastrtps_cpp: 6.2.7 (/opt/ros/humble/share/rmw_fastrtps_cpp/cmake)
-- Found OpenSSL: /usr/lib/x86_64-linux-gnu/libcrypto.so (found version "3.0.2")  
-- Found FastRTPS: /opt/ros/humble/include  
-- Using RMW implementation 'rmw_fastrtps_cpp' as default
-- Found Threads: TRUE  
-- Found Eigen3: TRUE (found version "3.4.0") 
-- Found rclcpp_lifecycle: 16.0.10 (/opt/ros/humble/share/rclcpp_lifecycle/cmake)
-- Found Boost: /usr/lib/x86_64-linux-gnu/cmake/Boost-1.74.0/BoostConfig.cmake (found version "1.74.0") found components: filesystem 
-- library: /usr/lib/x86_64-linux-gnu/libcurl.so
-- Ensuring Eigen3 include directory is part of orocos-kdl CMake target
-- Found moveit_ros_planning_interface: 2.5.5 (/home/fins/Workspace/moveit2_ws/install/moveit_ros_planning_interface/share/moveit_ros_planning_interface/cmake)
-- Found Boost: /usr/lib/x86_64-linux-gnu/cmake/Boost-1.74.0/BoostConfig.cmake (found version "1.74.0") found components: date_time filesystem program_options system thread 
-- Found Boost: /usr/lib/x86_64-linux-gnu/cmake/Boost-1.74.0/BoostConfig.cmake (found version "1.74.0") found components: system filesystem date_time program_options thread chrono 
-- Found Boost: /usr/lib/x86_64-linux-gnu/cmake/Boost-1.74.0/BoostConfig.cmake (found version "1.74.0") found components: thread system filesystem regex date_time program_options 
-- Found Boost: /usr/lib/x86_64-linux-gnu/cmake/Boost-1.74.0/BoostConfig.cmake (found version "1.74.0") found components: system filesystem date_time program_options thread 
-- Found moveit_visual_tools: 4.1.0 (/home/fins/Workspace/moveit2_ws/install/moveit_visual_tools/share/moveit_visual_tools/cmake)
-- Setting assimp_DIR to: '/opt/ros/humble/share/rviz_assimp_vendor/cmake/../../../opt/rviz_assimp_vendor/lib/cmake/assimp-4.1'
-- Setting OGRE_DIR to: '/opt/ros/humble/share/rviz_ogre_vendor/cmake/../../../opt/rviz_ogre_vendor/lib/OGRE/cmake'
-- Found OGRE
--   static     : OFF
--   components : HLMS;MeshLodGenerator;Overlay;Paging;Property;RTShaderSystem;Terrain;Volume
--   plugins    : Plugin_BSPSceneManager;Plugin_OctreeSceneManager;Plugin_PCZSceneManager;Plugin_ParticleFX;RenderSystem_GL;RenderSystem_GL3Plus;Codec_STBI
--   media      : /opt/ros/humble/opt/rviz_ogre_vendor/share/OGRE/Media
-- OGRE_LIBRARIES: OgreHLMS;OgreMeshLodGenerator;OgreOverlay;OgrePaging;OgreProperty;OgreRTShaderSystem;OgreTerrain;OgreVolume;OgreMain
-- OGRE_LIBRARY_DIRS: /opt/ros/humble/opt/rviz_ogre_vendor/lib
-- OGRE_PLUGINS: Plugin_BSPSceneManager;Plugin_OctreeSceneManager;Plugin_PCZSceneManager;Plugin_ParticleFX;RenderSystem_GL;RenderSystem_GL3Plus;Codec_STBI
-- OGRE_PLUGIN_DIR: /opt/ros/humble/opt/rviz_ogre_vendor/lib/OGRE
-- rviz_ogre_vendor::OgreOverlay for IMPORTED_LOCATION_RELEASE: /opt/ros/humble/opt/rviz_ogre_vendor/lib/libOgreOverlay.so
-- rviz_ogre_vendor::OgreOverlay for IMPORTED_LOCATION_DEBUG: /opt/ros/humble/opt/rviz_ogre_vendor/lib/libOgreOverlay.so
-- rviz_ogre_vendor::OgreMain for IMPORTED_LOCATION_RELEASE: /opt/ros/humble/opt/rviz_ogre_vendor/lib/libOgreMain.so
-- rviz_ogre_vendor::OgreMain for IMPORTED_LOCATION_DEBUG: /opt/ros/humble/opt/rviz_ogre_vendor/lib/libOgreMain.so
-- Found ZLIB: /usr/lib/x86_64-linux-gnu/libz.so (found version "1.2.11") 
-- Found OpenGL: /usr/lib/x86_64-linux-gnu/libOpenGL.so   
-- Found X11: /usr/include   
-- Looking for XOpenDisplay in /usr/lib/x86_64-linux-gnu/libX11.so;/usr/lib/x86_64-linux-gnu/libXext.so
-- Looking for XOpenDisplay in /usr/lib/x86_64-linux-gnu/libX11.so;/usr/lib/x86_64-linux-gnu/libXext.so - found
-- Looking for gethostbyname
-- Looking for gethostbyname - found
-- Looking for connect
-- Looking for connect - found
-- Looking for remove
-- Looking for remove - found
-- Looking for shmat
-- Looking for shmat - found
-- Looking for IceConnectionNumber in ICE
-- Looking for IceConnectionNumber in ICE - found
-- Configuring done
-- Generating done
-- Build files have been written to: /home/fins/myrobot_final/build/mybot
[  2%] [32mBuilding CXX object CMakeFiles/arm_execute_storage.dir/src/arm_execute_storage.cpp.o[0m
[  2%] [32mBuilding CXX object CMakeFiles/end_effector_feedback.dir/src/end_effector_feedback.cpp.o[0m
[  5%] [32mBuilding CXX object CMakeFiles/arm_execute_storage.dir/src/arm_control.cpp.o[0m
[  5%] [32mBuilding CXX object CMakeFiles/arm_execute_storage.dir/src/Communication.cpp.o[0m
[  6%] [32mBuilding CXX object CMakeFiles/arm_execute_processing_trajectory.dir/src/arm_execute_processing_trajectory.cpp.o[0m
[  8%] [32mBuilding CXX object CMakeFiles/execute.dir/src/execute.cpp.o[0m
[  9%] [32mBuilding CXX object CMakeFiles/arm_execute_circle.dir/src/arm_execute_circle.cpp.o[0m
[ 10%] [32mBuilding CXX object CMakeFiles/arm_execute_processing.dir/src/arm_execute_processing.cpp.o[0m
[ 12%] [32mBuilding CXX object CMakeFiles/arm_execute_storage.dir/src/Trajectory.cpp.o[0m
[ 19%] [32mBuilding CXX object CMakeFiles/arm_execute_circle.dir/src/arm_control.cpp.o[0m
[ 19%] [32mBuilding CXX object CMakeFiles/move_group_interface.dir/src/move_group_interface.cpp.o[0m
[ 19%] [32mBuilding CXX object CMakeFiles/arm_execute_second_storage_trajectory.dir/src/arm_execute_second_storage_trajectory.cpp.o[0m
[ 19%] [32mBuilding CXX object CMakeFiles/execute.dir/src/arm_control.cpp.o[0m
[ 19%] [32mBuilding CXX object CMakeFiles/set_target_pose.dir/src/set_target_pose.cpp.o[0m
[ 21%] [32mBuilding CXX object CMakeFiles/execute.dir/src/Communication.cpp.o[0m
[ 21%] [32mBuilding CXX object CMakeFiles/arm_execute_second_storage_trajectory.dir/src/arm_control.cpp.o[0m
[ 24%] [32mBuilding CXX object CMakeFiles/arm_execute_processing_trajectory.dir/src/Trajectory.cpp.o[0m
[ 26%] [32mBuilding CXX object CMakeFiles/arm_execute_processing.dir/src/Communication.cpp.o[0m
[ 28%] [32mBuilding CXX object CMakeFiles/execute.dir/src/Trajectory.cpp.o[0m
[ 30%] [32mBuilding CXX object CMakeFiles/arm_execute_processing_trajectory.dir/src/Communication.cpp.o[0m
[ 32%] [32mBuilding CXX object CMakeFiles/arm_execute_total_trajectory_final.dir/src/arm_execute_total_trajectory_final.cpp.o[0m
[ 34%] [32mBuilding CXX object CMakeFiles/arm_execute_second_storage_trajectory.dir/src/Communication.cpp.o[0m
[ 34%] [32mBuilding CXX object CMakeFiles/arm_execute_total_trajectory_second.dir/src/arm_execute_total_trajectory_second.cpp.o[0m
[ 35%] [32mBuilding CXX object CMakeFiles/arm_execute_total_trajectory.dir/src/arm_execute_total_trajectory.cpp.o[0m
[ 36%] [32mBuilding CXX object CMakeFiles/arm_execute_node.dir/src/arm_execute.cpp.o[0m
[ 36%] [32mBuilding CXX object CMakeFiles/arm_execute_circle.dir/src/Communication.cpp.o[0m
[ 36%] [32mBuilding CXX object CMakeFiles/arm_execute_processing.dir/src/arm_control.cpp.o[0m
[ 38%] [32mBuilding CXX object CMakeFiles/arm_execute_circle_trajectory.dir/src/arm_execute_circle_trajectory.cpp.o[0m
[ 43%] [32mBuilding CXX object CMakeFiles/arm_execute_storage_trajectory.dir/src/arm_execute_storage_trajectory.cpp.o[0m
[ 43%] [32mBuilding CXX object CMakeFiles/arm_execute_processing_trajectory.dir/src/arm_control.cpp.o[0m
[ 43%] [32mBuilding CXX object CMakeFiles/trajectory_buffer_node.dir/src/trajectory_buffer.cpp.o[0m
[ 43%] [32mBuilding CXX object CMakeFiles/arm_execute_total_trajectory_second_final.dir/src/arm_execute_total_trajectory_second_final.cpp.o[0m
[ 46%] [32mBuilding CXX object CMakeFiles/arm_execute_total_trajectory_final.dir/src/arm_control.cpp.o[0m
[ 46%] [32mBuilding CXX object CMakeFiles/arm_execute_storage_trajectory.dir/src/arm_control.cpp.o[0m
[ 49%] [32mBuilding CXX object CMakeFiles/arm_execute_storage_trajectory.dir/src/Communication.cpp.o[0m
[ 49%] [32mBuilding CXX object CMakeFiles/arm_execute_total_trajectory_final.dir/src/Communication.cpp.o[0m
[ 50%] [32m[1mLinking CXX executable move_group_interface[0m
[ 50%] Built target move_group_interface
[ 52%] [32mBuilding CXX object CMakeFiles/arm_execute_total_trajectory_final.dir/src/Trajectory.cpp.o[0m
[ 53%] [32mBuilding CXX object CMakeFiles/arm_execute_node.dir/src/arm_control.cpp.o[0m
[ 54%] [32mBuilding CXX object CMakeFiles/arm_execute_storage_trajectory.dir/src/Trajectory.cpp.o[0m
[ 56%] [32m[1mLinking CXX executable arm_execute_total_trajectory_final[0m
[ 57%] [32mBuilding CXX object CMakeFiles/arm_execute_node.dir/src/Communication.cpp.o[0m
[ 58%] [32mBuilding CXX object CMakeFiles/arm_execute_total_trajectory_second_final.dir/src/arm_control.cpp.o[0m
[ 58%] Built target arm_execute_total_trajectory_final
[ 60%] [32mBuilding CXX object CMakeFiles/arm_execute_total_trajectory.dir/src/arm_control.cpp.o[0m
[ 63%] [32mBuilding CXX object CMakeFiles/arm_execute_total_trajectory.dir/src/Communication.cpp.o[0m
[ 63%] [32mBuilding CXX object CMakeFiles/arm_execute_node.dir/src/Trajectory.cpp.o[0m
[ 64%] [32mBuilding CXX object CMakeFiles/arm_execute_total_trajectory_second.dir/src/arm_control.cpp.o[0m
[ 65%] [32mBuilding CXX object CMakeFiles/arm_execute_second_storage_trajectory.dir/src/Trajectory.cpp.o[0m
[ 67%] [32mBuilding CXX object CMakeFiles/arm_execute_circle.dir/src/Trajectory.cpp.o[0m
[ 68%] [32mBuilding CXX object CMakeFiles/arm_execute_circle_trajectory.dir/src/arm_control.cpp.o[0m
[ 69%] [32m[1mLinking CXX executable arm_execute_storage_trajectory[0m
[ 71%] [32mBuilding CXX object CMakeFiles/arm_execute_total_trajectory.dir/src/Trajectory.cpp.o[0m
[ 72%] [32mBuilding CXX object CMakeFiles/arm_execute_total_trajectory_second_final.dir/src/Communication.cpp.o[0m
[ 73%] [32mBuilding CXX object CMakeFiles/arm_execute_total_trajectory_second_final.dir/src/Trajectory.cpp.o[0m
[ 73%] Built target arm_execute_storage_trajectory
[ 75%] [32mBuilding CXX object CMakeFiles/arm_execute_processing.dir/src/Trajectory.cpp.o[0m
[ 76%] [32m[1mLinking CXX executable end_effector_feedback[0m
[ 76%] Built target end_effector_feedback
[ 78%] [32mBuilding CXX object CMakeFiles/arm_execute_total_trajectory_second.dir/src/Communication.cpp.o[0m
[ 79%] [32mBuilding CXX object CMakeFiles/arm_execute_total_trajectory_second.dir/src/Trajectory.cpp.o[0m
[ 80%] [32m[1mLinking CXX executable set_target_pose[0m
[ 82%] [32mBuilding CXX object CMakeFiles/arm_execute_circle_trajectory.dir/src/Communication.cpp.o[0m
[ 82%] Built target set_target_pose
[ 83%] [32mBuilding CXX object CMakeFiles/arm_execute_circle_trajectory.dir/src/Trajectory.cpp.o[0m
[ 84%] [32m[1mLinking CXX executable arm_execute_node[0m
[ 84%] Built target arm_execute_node
[ 86%] [32m[1mLinking CXX executable arm_execute_circle_trajectory[0m
[ 87%] [32m[1mLinking CXX executable arm_execute_total_trajectory_second_final[0m
[ 87%] Built target arm_execute_circle_trajectory
[ 87%] Built target arm_execute_total_trajectory_second_final
[ 89%] [32m[1mLinking CXX executable arm_execute_circle[0m
[ 89%] Built target arm_execute_circle
[ 90%] [32m[1mLinking CXX executable arm_execute_processing[0m
[ 91%] [32m[1mLinking CXX executable arm_execute_storage[0m
[ 93%] [32m[1mLinking CXX executable arm_execute_total_trajectory[0m
[ 94%] [32m[1mLinking CXX executable arm_execute_second_storage_trajectory[0m
[ 95%] [32m[1mLinking CXX executable arm_execute_total_trajectory_second[0m
[ 97%] [32m[1mLinking CXX executable execute[0m
[ 97%] Built target arm_execute_processing
[ 97%] Built target arm_execute_storage
[ 97%] Built target arm_execute_total_trajectory
[ 97%] Built target arm_execute_second_storage_trajectory
[ 97%] Built target arm_execute_total_trajectory_second
[ 97%] Built target execute
[ 98%] [32m[1mLinking CXX executable arm_execute_processing_trajectory[0m
[ 98%] Built target arm_execute_processing_trajectory
[100%] [32m[1mLinking CXX executable trajectory_buffer_node[0m
[100%] Built target trajectory_buffer_node
-- Install configuration: ""
-- Installing: /home/fins/myrobot_final/install/mybot/lib/mybot/move_group_interface
-- Set runtime path of "/home/fins/myrobot_final/install/mybot/lib/mybot/move_group_interface" to ""
-- Installing: /home/fins/myrobot_final/install/mybot/lib/mybot/end_effector_feedback
-- Set runtime path of "/home/fins/myrobot_final/install/mybot/lib/mybot/end_effector_feedback" to ""
-- Installing: /home/fins/myrobot_final/install/mybot/lib/mybot/execute
-- Set runtime path of "/home/fins/myrobot_final/install/mybot/lib/mybot/execute" to ""
-- Installing: /home/fins/myrobot_final/install/mybot/lib/mybot/set_target_pose
-- Set runtime path of "/home/fins/myrobot_final/install/mybot/lib/mybot/set_target_pose" to ""
-- Installing: /home/fins/myrobot_final/install/mybot/lib/mybot/arm_execute_node
-- Set runtime path of "/home/fins/myrobot_final/install/mybot/lib/mybot/arm_execute_node" to ""
-- Installing: /home/fins/myrobot_final/install/mybot/lib/mybot/trajectory_buffer_node
-- Set runtime path of "/home/fins/myrobot_final/install/mybot/lib/mybot/trajectory_buffer_node" to ""
-- Installing: /home/fins/myrobot_final/install/mybot/lib/mybot/arm_execute_storage
-- Set runtime path of "/home/fins/myrobot_final/install/mybot/lib/mybot/arm_execute_storage" to ""
-- Installing: /home/fins/myrobot_final/install/mybot/lib/mybot/arm_execute_processing
-- Set runtime path of "/home/fins/myrobot_final/install/mybot/lib/mybot/arm_execute_processing" to ""
-- Installing: /home/fins/myrobot_final/install/mybot/lib/mybot/arm_execute_storage_trajectory
-- Set runtime path of "/home/fins/myrobot_final/install/mybot/lib/mybot/arm_execute_storage_trajectory" to ""
-- Installing: /home/fins/myrobot_final/install/mybot/lib/mybot/arm_execute_second_storage_trajectory
-- Set runtime path of "/home/fins/myrobot_final/install/mybot/lib/mybot/arm_execute_second_storage_trajectory" to ""
-- Installing: /home/fins/myrobot_final/install/mybot/lib/mybot/arm_execute_processing_trajectory
-- Set runtime path of "/home/fins/myrobot_final/install/mybot/lib/mybot/arm_execute_processing_trajectory" to ""
-- Installing: /home/fins/myrobot_final/install/mybot/lib/mybot/arm_execute_total_trajectory_final
-- Set runtime path of "/home/fins/myrobot_final/install/mybot/lib/mybot/arm_execute_total_trajectory_final" to ""
-- Installing: /home/fins/myrobot_final/install/mybot/lib/mybot/arm_execute_total_trajectory_second
-- Set runtime path of "/home/fins/myrobot_final/install/mybot/lib/mybot/arm_execute_total_trajectory_second" to ""
-- Installing: /home/fins/myrobot_final/install/mybot/lib/mybot/arm_execute_total_trajectory_second_final
-- Set runtime path of "/home/fins/myrobot_final/install/mybot/lib/mybot/arm_execute_total_trajectory_second_final" to ""
-- Installing: /home/fins/myrobot_final/install/mybot/lib/mybot/arm_execute_total_trajectory
-- Set runtime path of "/home/fins/myrobot_final/install/mybot/lib/mybot/arm_execute_total_trajectory" to ""
-- Installing: /home/fins/myrobot_final/install/mybot/lib/mybot/arm_execute_circle_trajectory
-- Set runtime path of "/home/fins/myrobot_final/install/mybot/lib/mybot/arm_execute_circle_trajectory" to ""
-- Installing: /home/fins/myrobot_final/install/mybot/lib/mybot/arm_execute_circle
-- Set runtime path of "/home/fins/myrobot_final/install/mybot/lib/mybot/arm_execute_circle" to ""
-- Installing: /home/fins/myrobot_final/install/mybot/share/mybot/src
-- Installing: /home/fins/myrobot_final/install/mybot/share/mybot/src/arm_execute_total_trajectory.cpp
-- Installing: /home/fins/myrobot_final/install/mybot/share/mybot/src/arm_execute_storage.cpp
-- Installing: /home/fins/myrobot_final/install/mybot/share/mybot/src/arm_execute_total_trajectory_second_final_226备份.cpp
-- Installing: /home/fins/myrobot_final/install/mybot/share/mybot/src/arm_execute_total_trajectory_second.cpp
-- Installing: /home/fins/myrobot_final/install/mybot/share/mybot/src/trajectory_buffer_2_28大改前.cpp
-- Installing: /home/fins/myrobot_final/install/mybot/share/mybot/src/arm_control_2_17.cpp
-- Installing: /home/fins/myrobot_final/install/mybot/share/mybot/src/Communication.h
-- Installing: /home/fins/myrobot_final/install/mybot/share/mybot/src/arm_execute_total_trajectory_final_改动大小前226.cpp
-- Installing: /home/fins/myrobot_final/install/mybot/share/mybot/src/arm_control(修改相对路径前).cpp
-- Installing: /home/fins/myrobot_final/install/mybot/share/mybot/src/log
-- Installing: /home/fins/myrobot_final/install/mybot/share/mybot/src/log/latest
-- Installing: /home/fins/myrobot_final/install/mybot/share/mybot/src/log/latest_list
-- Installing: /home/fins/myrobot_final/install/mybot/share/mybot/src/log/list_2024-08-30_14-37-32
-- Installing: /home/fins/myrobot_final/install/mybot/share/mybot/src/arm_execute_second_storage_trajectory.cpp
-- Installing: /home/fins/myrobot_final/install/mybot/share/mybot/src/trajectory_buffer_2.27号大改前.cpp
-- Installing: /home/fins/myrobot_final/install/mybot/share/mybot/src/Trajectory.hpp
-- Installing: /home/fins/myrobot_final/install/mybot/share/mybot/src/arm_execute_processing.cpp
-- Installing: /home/fins/myrobot_final/install/mybot/share/mybot/src/Trajectory.cpp
-- Installing: /home/fins/myrobot_final/install/mybot/share/mybot/src/execute.cpp
-- Installing: /home/fins/myrobot_final/install/mybot/share/mybot/src/arm_execute.cpp
-- Installing: /home/fins/myrobot_final/install/mybot/share/mybot/src/arm_execute_storage_trajectory.cpp
-- Installing: /home/fins/myrobot_final/install/mybot/share/mybot/src/end_effector_feedback.cpp
-- Installing: /home/fins/myrobot_final/install/mybot/share/mybot/src/arm_control.cpp
-- Installing: /home/fins/myrobot_final/install/mybot/share/mybot/src/end_effector_feedback 成功.cpp
-- Installing: /home/fins/myrobot_final/install/mybot/share/mybot/src/arm_execute_total_trajectory_second_final.cpp
-- Installing: /home/fins/myrobot_final/install/mybot/share/mybot/src/TrajectoryInterpolator.hpp
-- Installing: /home/fins/myrobot_final/install/mybot/share/mybot/src/Communication.cpp
-- Installing: /home/fins/myrobot_final/install/mybot/share/mybot/src/arm_execute_circle_trajectory.cpp
-- Installing: /home/fins/myrobot_final/install/mybot/share/mybot/src/arm_execute_total_trajectory_final_2_27有轨迹.cpp
-- Installing: /home/fins/myrobot_final/install/mybot/share/mybot/src/arm_execute_processing_trajectory.cpp
-- Installing: /home/fins/myrobot_final/install/mybot/share/mybot/src/arm_execute_storage(从地上抓起来放到车上).cpp
-- Installing: /home/fins/myrobot_final/install/mybot/share/mybot/src/move_group_interface.cpp
-- Installing: /home/fins/myrobot_final/install/mybot/share/mybot/src/TrajectoryInterpolator.cpp
-- Installing: /home/fins/myrobot_final/install/mybot/share/mybot/src/trajectory_buffer_gpt.cpp
-- Installing: /home/fins/myrobot_final/install/mybot/share/mybot/src/arm_execute_total_trajectory_final.cpp
-- Installing: /home/fins/myrobot_final/install/mybot/share/mybot/src/arm_execute_total_trajectory_调试用副本.cpp
-- Installing: /home/fins/myrobot_final/install/mybot/share/mybot/src/.vscode
-- Installing: /home/fins/myrobot_final/install/mybot/share/mybot/src/arm_control修改相对路径前.h
-- Installing: /home/fins/myrobot_final/install/mybot/share/mybot/src/arm_control.h
-- Installing: /home/fins/myrobot_final/install/mybot/share/mybot/src/trajectory_subscriber_node.cpp
-- Installing: /home/fins/myrobot_final/install/mybot/share/mybot/src/arm_execute_circle(原来的版本).cpp
-- Installing: /home/fins/myrobot_final/install/mybot/share/mybot/src/set_target_pose.cpp
-- Installing: /home/fins/myrobot_final/install/mybot/share/mybot/src/arm_execute_total_trajectory_second_final_备份.cpp
-- Installing: /home/fins/myrobot_final/install/mybot/share/mybot/src/arm_execute_circle.cpp
-- Installing: /home/fins/myrobot_final/install/mybot/share/mybot/src/trajectory_buffer.cpp
-- Installing: /home/fins/myrobot_final/install/mybot/share/mybot/config
-- Installing: /home/fins/myrobot_final/install/mybot/share/mybot/config/circle12.yaml
-- Installing: /home/fins/myrobot_final/install/mybot/share/mybot/config/robot_arm_description.urdf.xacro
-- Installing: /home/fins/myrobot_final/install/mybot/share/mybot/config/processing21.yaml
-- Installing: /home/fins/myrobot_final/install/mybot/share/mybot/config/trajectory_5.yaml
-- Installing: /home/fins/myrobot_final/install/mybot/share/mybot/config/planned_trajectory.txt
-- Installing: /home/fins/myrobot_final/install/mybot/share/mybot/config/kinematics.yaml
-- Installing: /home/fins/myrobot_final/install/mybot/share/mybot/config/robot_arm_description.srdf
-- Installing: /home/fins/myrobot_final/install/mybot/share/mybot/config/processing32.yaml
-- Installing: /home/fins/myrobot_final/install/mybot/share/mybot/config/initial_positions.yaml
-- Installing: /home/fins/myrobot_final/install/mybot/share/mybot/config/circle31.yaml
-- Installing: /home/fins/myrobot_final/install/mybot/share/mybot/config/planned_trajectory（复件）.txt
-- Installing: /home/fins/myrobot_final/install/mybot/share/mybot/config/default_trajectory.yaml
-- Installing: /home/fins/myrobot_final/install/mybot/share/mybot/config/trajectory_3.yaml
-- Installing: /home/fins/myrobot_final/install/mybot/share/mybot/config/param_1.yaml
-- Installing: /home/fins/myrobot_final/install/mybot/share/mybot/config/joint_limits.yaml
-- Installing: /home/fins/myrobot_final/install/mybot/share/mybot/config/circle21.yaml
-- Installing: /home/fins/myrobot_final/install/mybot/share/mybot/config/processing31.yaml
-- Installing: /home/fins/myrobot_final/install/mybot/share/mybot/config/trajectory_4.yaml
-- Installing: /home/fins/myrobot_final/install/mybot/share/mybot/config/param.yaml
-- Installing: /home/fins/myrobot_final/install/mybot/share/mybot/config/moveit.rviz
-- Installing: /home/fins/myrobot_final/install/mybot/share/mybot/config/circle32.yaml
-- Installing: /home/fins/myrobot_final/install/mybot/share/mybot/config/gazebo_arm_description.urdf.xacro
-- Installing: /home/fins/myrobot_final/install/mybot/share/mybot/config/moveit_controllers.yaml
-- Installing: /home/fins/myrobot_final/install/mybot/share/mybot/config/planned_trajectory（另一个复件）.txt
-- Installing: /home/fins/myrobot_final/install/mybot/share/mybot/config/processing22.yaml
-- Installing: /home/fins/myrobot_final/install/mybot/share/mybot/config/processing12.yaml
-- Installing: /home/fins/myrobot_final/install/mybot/share/mybot/config/processing11.yaml
-- Installing: /home/fins/myrobot_final/install/mybot/share/mybot/config/circle22.yaml
-- Installing: /home/fins/myrobot_final/install/mybot/share/mybot/config/robot_arm_description.ros2_control.xacro
-- Installing: /home/fins/myrobot_final/install/mybot/share/mybot/config/ros2_controllers.yaml
-- Installing: /home/fins/myrobot_final/install/mybot/share/mybot/config/circle11.yaml
-- Installing: /home/fins/myrobot_final/install/mybot/share/mybot/config/pilz_cartesian_limits.yaml
-- Installing: /home/fins/myrobot_final/install/mybot/share/mybot/launch
-- Installing: /home/fins/myrobot_final/install/mybot/share/mybot/launch/my_moveit_rviz.launch.py
-- Installing: /home/fins/myrobot_final/install/mybot/share/mybot/launch/setup_assistant.launch.py
-- Installing: /home/fins/myrobot_final/install/mybot/share/mybot/launch/static_virtual_joint_tfs.launch.py
-- Installing: /home/fins/myrobot_final/install/mybot/share/mybot/launch/moveit_rviz.launch.py
-- Installing: /home/fins/myrobot_final/install/mybot/share/mybot/launch/warehouse_db.launch.py
-- Installing: /home/fins/myrobot_final/install/mybot/share/mybot/launch/move_group.launch.py
-- Installing: /home/fins/myrobot_final/install/mybot/share/mybot/launch/move_group_interface.launch.py
-- Installing: /home/fins/myrobot_final/install/mybot/share/mybot/launch/rsp.launch.py
-- Installing: /home/fins/myrobot_final/install/mybot/share/mybot/launch/gazebo.launch.py
-- Installing: /home/fins/myrobot_final/install/mybot/share/mybot/launch/spawn_controllers.launch.py
-- Installing: /home/fins/myrobot_final/install/mybot/share/mybot/launch/trajectory_subscriber_launch.py
-- Installing: /home/fins/myrobot_final/install/mybot/share/mybot/launch/demo.launch.py
-- Installing: /home/fins/myrobot_final/install/mybot/share/mybot/.setup_assistant
-- Installing: /home/fins/myrobot_final/install/mybot/share/ament_index/resource_index/package_run_dependencies/mybot
-- Installing: /home/fins/myrobot_final/install/mybot/share/ament_index/resource_index/parent_prefix_path/mybot
-- Installing: /home/fins/myrobot_final/install/mybot/share/mybot/environment/ament_prefix_path.sh
-- Installing: /home/fins/myrobot_final/install/mybot/share/mybot/environment/ament_prefix_path.dsv
-- Installing: /home/fins/myrobot_final/install/mybot/share/mybot/environment/path.sh
-- Installing: /home/fins/myrobot_final/install/mybot/share/mybot/environment/path.dsv
-- Installing: /home/fins/myrobot_final/install/mybot/share/mybot/local_setup.bash
-- Installing: /home/fins/myrobot_final/install/mybot/share/mybot/local_setup.sh
-- Installing: /home/fins/myrobot_final/install/mybot/share/mybot/local_setup.zsh
-- Installing: /home/fins/myrobot_final/install/mybot/share/mybot/local_setup.dsv
-- Installing: /home/fins/myrobot_final/install/mybot/share/mybot/package.dsv
-- Installing: /home/fins/myrobot_final/install/mybot/share/ament_index/resource_index/packages/mybot
-- Installing: /home/fins/myrobot_final/install/mybot/share/mybot/cmake/mybotConfig.cmake
-- Installing: /home/fins/myrobot_final/install/mybot/share/mybot/cmake/mybotConfig-version.cmake
-- Installing: /home/fins/myrobot_final/install/mybot/share/mybot/package.xml
