[0.009s] Invoking command in '/home/fins/myrobot_final/build/mybot': AMENT_PREFIX_PATH=/home/fins/myrobot_final/install/robot_arm_description:/home/fins/myrobot_final/install/mybot:/home/fins/Workspace/moveit2_ws/install/pilz_industrial_motion_planner_testutils:/home/fins/Workspace/moveit2_ws/install/moveit_runtime:/home/fins/Workspace/moveit2_ws/install/moveit2_tutorials:/home/fins/Workspace/moveit2_ws/install/moveit:/home/fins/Workspace/moveit2_ws/install/moveit_planners:/home/fins/Workspace/moveit2_ws/install/pilz_industrial_motion_planner:/home/fins/Workspace/moveit2_ws/install/moveit_visual_tools:/home/fins/Workspace/moveit2_ws/install/moveit_task_constructor_visualization:/home/fins/Workspace/moveit2_ws/install/moveit_task_constructor_demo:/home/fins/Workspace/moveit2_ws/install/moveit_task_constructor_capabilities:/home/fins/Workspace/moveit2_ws/install/moveit_task_constructor_core:/home/fins/Workspace/moveit2_ws/install/moveit_ros_control_interface:/home/fins/Workspace/moveit2_ws/install/moveit_plugins:/home/fins/Workspace/moveit2_ws/install/moveit_simple_controller_manager:/home/fins/Workspace/moveit2_ws/install/moveit_setup_assistant:/home/fins/Workspace/moveit2_ws/install/moveit_setup_srdf_plugins:/home/fins/Workspace/moveit2_ws/install/moveit_setup_core_plugins:/home/fins/Workspace/moveit2_ws/install/moveit_setup_controllers:/home/fins/Workspace/moveit2_ws/install/moveit_setup_app_plugins:/home/fins/Workspace/moveit2_ws/install/moveit_setup_framework:/home/fins/Workspace/moveit2_ws/install/moveit_servo:/home/fins/Workspace/moveit2_ws/install/moveit_ros:/home/fins/Workspace/moveit2_ws/install/moveit_ros_visualization:/home/fins/Workspace/moveit2_ws/install/moveit_hybrid_planning:/home/fins/Workspace/moveit2_ws/install/moveit_ros_planning_interface:/home/fins/Workspace/moveit2_ws/install/moveit_ros_benchmarks:/home/fins/Workspace/moveit2_ws/install/moveit_ros_warehouse:/home/fins/Workspace/moveit2_ws/install/moveit_ros_robot_interaction:/home/fins/Workspace/moveit2_ws/install/moveit_ros_perception:/home/fins/Workspace/moveit2_ws/install/moveit_resources_prbt_pg70_support:/home/fins/Workspace/moveit2_ws/install/moveit_resources_prbt_moveit_config:/home/fins/Workspace/moveit2_ws/install/moveit_ros_move_group:/home/fins/Workspace/moveit2_ws/install/moveit_planners_ompl:/home/fins/Workspace/moveit2_ws/install/moveit_ros_planning:/home/fins/Workspace/moveit2_ws/install/moveit_ros_occupancy_map_monitor:/home/fins/Workspace/moveit2_ws/install/moveit_resources_prbt_ikfast_manipulator_plugin:/home/fins/Workspace/moveit2_ws/install/moveit_planners_chomp:/home/fins/Workspace/moveit2_ws/install/moveit_kinematics:/home/fins/Workspace/moveit2_ws/install/moveit_chomp_optimizer_adapter:/home/fins/Workspace/moveit2_ws/install/chomp_motion_planner:/home/fins/Workspace/moveit2_ws/install/moveit_core:/home/fins/Workspace/moveit2_ws/install/moveit_configs_utils:/home/fins/Workspace/moveit2_ws/install/srdfdom:/home/fins/Workspace/moveit2_ws/install/rviz_marker_tools:/home/fins/Workspace/moveit2_ws/install/rosparam_shortcuts:/home/fins/Workspace/moveit2_ws/install/moveit_task_constructor_msgs:/home/fins/Workspace/moveit2_ws/install/moveit_resources_prbt_support:/home/fins/Workspace/moveit2_ws/install/moveit_resources:/home/fins/Workspace/moveit2_ws/install/moveit_resources_pr2_description:/home/fins/Workspace/moveit2_ws/install/moveit_resources_panda_moveit_config:/home/fins/Workspace/moveit2_ws/install/moveit_resources_panda_description:/home/fins/Workspace/moveit2_ws/install/moveit_resources_fanuc_moveit_config:/home/fins/Workspace/moveit2_ws/install/moveit_resources_fanuc_description:/home/fins/Workspace/moveit2_ws/install/moveit_common:/home/fins/Workspace/moveit2_ws/install/launch_param_builder:/opt/ros/humble CMAKE_PREFIX_PATH=${CMAKE_PREFIX_PATH}:/home/fins/myrobot_final/install/robot_arm_description:/home/fins/Workspace/moveit2_ws/install/moveit_configs_utils:/home/fins/Workspace/moveit2_ws/install/launch_param_builder:/opt/ros/humble /usr/bin/cmake /home/fins/myrobot_final/src/mybot -DCMAKE_INSTALL_PREFIX=/home/fins/myrobot_final/install/mybot
[0.084s] -- The C compiler identification is GNU 9.5.0
[0.126s] -- The CXX compiler identification is GNU 9.5.0
[0.133s] -- Detecting C compiler ABI info
[0.200s] -- Detecting C compiler ABI info - done
[0.204s] -- Check for working C compiler: /usr/bin/gcc - skipped
[0.205s] -- Detecting C compile features
[0.205s] -- Detecting C compile features - done
[0.207s] -- Detecting CXX compiler ABI info
[0.277s] -- Detecting CXX compiler ABI info - done
[0.281s] -- Check for working CXX compiler: /usr/bin/g++ - skipped
[0.281s] -- Detecting CXX compile features
[0.281s] -- Detecting CXX compile features - done
[0.310s] -- Found ament_cmake: 1.3.10 (/opt/ros/humble/share/ament_cmake/cmake)
[0.545s] -- Found Python3: /usr/bin/python3 (found version "3.10.12") found components: Interpreter 
[0.671s] -- Found moveit_core: 2.5.5 (/home/fins/Workspace/moveit2_ws/install/moveit_core/share/moveit_core/cmake)
[0.895s] -- Found Boost: /usr/lib/x86_64-linux-gnu/cmake/Boost-1.74.0/BoostConfig.cmake (found version "1.74.0") found components: chrono date_time filesystem iostreams program_options regex serialization system thread 
[0.992s] -- Found parameter_traits: 0.3.8 (/opt/ros/humble/share/parameter_traits/cmake)
[1.075s] -- Found rosidl_generator_c: 3.1.5 (/opt/ros/humble/share/rosidl_generator_c/cmake)
[1.087s] -- Found rosidl_adapter: 3.1.5 (/opt/ros/humble/share/rosidl_adapter/cmake)
[1.101s] -- Found rosidl_generator_cpp: 3.1.5 (/opt/ros/humble/share/rosidl_generator_cpp/cmake)
[1.127s] -- Using all available rosidl_typesupport_c: rosidl_typesupport_fastrtps_c;rosidl_typesupport_introspection_c
[1.152s] -- Using all available rosidl_typesupport_cpp: rosidl_typesupport_fastrtps_cpp;rosidl_typesupport_introspection_cpp
[1.228s] -- Found rmw_implementation_cmake: 6.1.2 (/opt/ros/humble/share/rmw_implementation_cmake/cmake)
[1.236s] -- Found rmw_fastrtps_cpp: 6.2.7 (/opt/ros/humble/share/rmw_fastrtps_cpp/cmake)
[1.375s] -- Found OpenSSL: /usr/lib/x86_64-linux-gnu/libcrypto.so (found version "3.0.2")  
[1.407s] -- Found FastRTPS: /opt/ros/humble/include  
[1.466s] -- Using RMW implementation 'rmw_fastrtps_cpp' as default
[1.488s] -- Found Threads: TRUE  
[1.571s] -- Found Eigen3: TRUE (found version "3.4.0") 
[1.580s] -- Found rclcpp_lifecycle: 16.0.10 (/opt/ros/humble/share/rclcpp_lifecycle/cmake)
[1.614s] -- Found Boost: /usr/lib/x86_64-linux-gnu/cmake/Boost-1.74.0/BoostConfig.cmake (found version "1.74.0") found components: filesystem 
[1.764s] -- library: /usr/lib/x86_64-linux-gnu/libcurl.so
[1.836s] -- Ensuring Eigen3 include directory is part of orocos-kdl CMake target
[2.122s] -- Found moveit_ros_planning_interface: 2.5.5 (/home/fins/Workspace/moveit2_ws/install/moveit_ros_planning_interface/share/moveit_ros_planning_interface/cmake)
[2.125s] -- Found Boost: /usr/lib/x86_64-linux-gnu/cmake/Boost-1.74.0/BoostConfig.cmake (found version "1.74.0") found components: date_time filesystem program_options system thread 
[2.135s] -- Found Boost: /usr/lib/x86_64-linux-gnu/cmake/Boost-1.74.0/BoostConfig.cmake (found version "1.74.0") found components: system filesystem date_time program_options thread chrono 
[2.159s] -- Found Boost: /usr/lib/x86_64-linux-gnu/cmake/Boost-1.74.0/BoostConfig.cmake (found version "1.74.0") found components: thread system filesystem regex date_time program_options 
[2.181s] -- Found Boost: /usr/lib/x86_64-linux-gnu/cmake/Boost-1.74.0/BoostConfig.cmake (found version "1.74.0") found components: system filesystem date_time program_options thread 
[2.206s] -- Found moveit_visual_tools: 4.1.0 (/home/fins/Workspace/moveit2_ws/install/moveit_visual_tools/share/moveit_visual_tools/cmake)
[2.281s] -- Setting assimp_DIR to: '/opt/ros/humble/share/rviz_assimp_vendor/cmake/../../../opt/rviz_assimp_vendor/lib/cmake/assimp-4.1'
[2.299s] -- Setting OGRE_DIR to: '/opt/ros/humble/share/rviz_ogre_vendor/cmake/../../../opt/rviz_ogre_vendor/lib/OGRE/cmake'
[2.301s] -- Found OGRE
[2.301s] --   static     : OFF
[2.301s] --   components : HLMS;MeshLodGenerator;Overlay;Paging;Property;RTShaderSystem;Terrain;Volume
[2.301s] --   plugins    : Plugin_BSPSceneManager;Plugin_OctreeSceneManager;Plugin_PCZSceneManager;Plugin_ParticleFX;RenderSystem_GL;RenderSystem_GL3Plus;Codec_STBI
[2.301s] --   media      : /opt/ros/humble/opt/rviz_ogre_vendor/share/OGRE/Media
[2.301s] -- OGRE_LIBRARIES: OgreHLMS;OgreMeshLodGenerator;OgreOverlay;OgrePaging;OgreProperty;OgreRTShaderSystem;OgreTerrain;OgreVolume;OgreMain
[2.301s] -- OGRE_LIBRARY_DIRS: /opt/ros/humble/opt/rviz_ogre_vendor/lib
[2.301s] -- OGRE_PLUGINS: Plugin_BSPSceneManager;Plugin_OctreeSceneManager;Plugin_PCZSceneManager;Plugin_ParticleFX;RenderSystem_GL;RenderSystem_GL3Plus;Codec_STBI
[2.301s] -- OGRE_PLUGIN_DIR: /opt/ros/humble/opt/rviz_ogre_vendor/lib/OGRE
[2.301s] -- rviz_ogre_vendor::OgreOverlay for IMPORTED_LOCATION_RELEASE: /opt/ros/humble/opt/rviz_ogre_vendor/lib/libOgreOverlay.so
[2.301s] -- rviz_ogre_vendor::OgreOverlay for IMPORTED_LOCATION_DEBUG: /opt/ros/humble/opt/rviz_ogre_vendor/lib/libOgreOverlay.so
[2.301s] -- rviz_ogre_vendor::OgreMain for IMPORTED_LOCATION_RELEASE: /opt/ros/humble/opt/rviz_ogre_vendor/lib/libOgreMain.so
[2.301s] -- rviz_ogre_vendor::OgreMain for IMPORTED_LOCATION_DEBUG: /opt/ros/humble/opt/rviz_ogre_vendor/lib/libOgreMain.so
[2.321s] -- Found ZLIB: /usr/lib/x86_64-linux-gnu/libz.so (found version "1.2.11") 
[2.328s] -- Found OpenGL: /usr/lib/x86_64-linux-gnu/libOpenGL.so   
[2.446s] -- Found X11: /usr/include   
[2.447s] -- Looking for XOpenDisplay in /usr/lib/x86_64-linux-gnu/libX11.so;/usr/lib/x86_64-linux-gnu/libXext.so
[2.516s] -- Looking for XOpenDisplay in /usr/lib/x86_64-linux-gnu/libX11.so;/usr/lib/x86_64-linux-gnu/libXext.so - found
[2.516s] -- Looking for gethostbyname
[2.579s] -- Looking for gethostbyname - found
[2.579s] -- Looking for connect
[2.641s] -- Looking for connect - found
[2.641s] -- Looking for remove
[2.707s] -- Looking for remove - found
[2.707s] -- Looking for shmat
[2.782s] -- Looking for shmat - found
[2.782s] -- Looking for IceConnectionNumber in ICE
[2.852s] -- Looking for IceConnectionNumber in ICE - found
[3.215s] -- Configuring done
[3.487s] -- Generating done
[3.489s] -- Build files have been written to: /home/fins/myrobot_final/build/mybot
[3.503s] Invoked command in '/home/fins/myrobot_final/build/mybot' returned '0': AMENT_PREFIX_PATH=/home/fins/myrobot_final/install/robot_arm_description:/home/fins/myrobot_final/install/mybot:/home/fins/Workspace/moveit2_ws/install/pilz_industrial_motion_planner_testutils:/home/fins/Workspace/moveit2_ws/install/moveit_runtime:/home/fins/Workspace/moveit2_ws/install/moveit2_tutorials:/home/fins/Workspace/moveit2_ws/install/moveit:/home/fins/Workspace/moveit2_ws/install/moveit_planners:/home/fins/Workspace/moveit2_ws/install/pilz_industrial_motion_planner:/home/fins/Workspace/moveit2_ws/install/moveit_visual_tools:/home/fins/Workspace/moveit2_ws/install/moveit_task_constructor_visualization:/home/fins/Workspace/moveit2_ws/install/moveit_task_constructor_demo:/home/fins/Workspace/moveit2_ws/install/moveit_task_constructor_capabilities:/home/fins/Workspace/moveit2_ws/install/moveit_task_constructor_core:/home/fins/Workspace/moveit2_ws/install/moveit_ros_control_interface:/home/fins/Workspace/moveit2_ws/install/moveit_plugins:/home/fins/Workspace/moveit2_ws/install/moveit_simple_controller_manager:/home/fins/Workspace/moveit2_ws/install/moveit_setup_assistant:/home/fins/Workspace/moveit2_ws/install/moveit_setup_srdf_plugins:/home/fins/Workspace/moveit2_ws/install/moveit_setup_core_plugins:/home/fins/Workspace/moveit2_ws/install/moveit_setup_controllers:/home/fins/Workspace/moveit2_ws/install/moveit_setup_app_plugins:/home/fins/Workspace/moveit2_ws/install/moveit_setup_framework:/home/fins/Workspace/moveit2_ws/install/moveit_servo:/home/fins/Workspace/moveit2_ws/install/moveit_ros:/home/fins/Workspace/moveit2_ws/install/moveit_ros_visualization:/home/fins/Workspace/moveit2_ws/install/moveit_hybrid_planning:/home/fins/Workspace/moveit2_ws/install/moveit_ros_planning_interface:/home/fins/Workspace/moveit2_ws/install/moveit_ros_benchmarks:/home/fins/Workspace/moveit2_ws/install/moveit_ros_warehouse:/home/fins/Workspace/moveit2_ws/install/moveit_ros_robot_interaction:/home/fins/Workspace/moveit2_ws/install/moveit_ros_perception:/home/fins/Workspace/moveit2_ws/install/moveit_resources_prbt_pg70_support:/home/fins/Workspace/moveit2_ws/install/moveit_resources_prbt_moveit_config:/home/fins/Workspace/moveit2_ws/install/moveit_ros_move_group:/home/fins/Workspace/moveit2_ws/install/moveit_planners_ompl:/home/fins/Workspace/moveit2_ws/install/moveit_ros_planning:/home/fins/Workspace/moveit2_ws/install/moveit_ros_occupancy_map_monitor:/home/fins/Workspace/moveit2_ws/install/moveit_resources_prbt_ikfast_manipulator_plugin:/home/fins/Workspace/moveit2_ws/install/moveit_planners_chomp:/home/fins/Workspace/moveit2_ws/install/moveit_kinematics:/home/fins/Workspace/moveit2_ws/install/moveit_chomp_optimizer_adapter:/home/fins/Workspace/moveit2_ws/install/chomp_motion_planner:/home/fins/Workspace/moveit2_ws/install/moveit_core:/home/fins/Workspace/moveit2_ws/install/moveit_configs_utils:/home/fins/Workspace/moveit2_ws/install/srdfdom:/home/fins/Workspace/moveit2_ws/install/rviz_marker_tools:/home/fins/Workspace/moveit2_ws/install/rosparam_shortcuts:/home/fins/Workspace/moveit2_ws/install/moveit_task_constructor_msgs:/home/fins/Workspace/moveit2_ws/install/moveit_resources_prbt_support:/home/fins/Workspace/moveit2_ws/install/moveit_resources:/home/fins/Workspace/moveit2_ws/install/moveit_resources_pr2_description:/home/fins/Workspace/moveit2_ws/install/moveit_resources_panda_moveit_config:/home/fins/Workspace/moveit2_ws/install/moveit_resources_panda_description:/home/fins/Workspace/moveit2_ws/install/moveit_resources_fanuc_moveit_config:/home/fins/Workspace/moveit2_ws/install/moveit_resources_fanuc_description:/home/fins/Workspace/moveit2_ws/install/moveit_common:/home/fins/Workspace/moveit2_ws/install/launch_param_builder:/opt/ros/humble CMAKE_PREFIX_PATH=${CMAKE_PREFIX_PATH}:/home/fins/myrobot_final/install/robot_arm_description:/home/fins/Workspace/moveit2_ws/install/moveit_configs_utils:/home/fins/Workspace/moveit2_ws/install/launch_param_builder:/opt/ros/humble /usr/bin/cmake /home/fins/myrobot_final/src/mybot -DCMAKE_INSTALL_PREFIX=/home/fins/myrobot_final/install/mybot
[3.504s] Invoking command in '/home/fins/myrobot_final/build/mybot': AMENT_PREFIX_PATH=/home/fins/myrobot_final/install/robot_arm_description:/home/fins/myrobot_final/install/mybot:/home/fins/Workspace/moveit2_ws/install/pilz_industrial_motion_planner_testutils:/home/fins/Workspace/moveit2_ws/install/moveit_runtime:/home/fins/Workspace/moveit2_ws/install/moveit2_tutorials:/home/fins/Workspace/moveit2_ws/install/moveit:/home/fins/Workspace/moveit2_ws/install/moveit_planners:/home/fins/Workspace/moveit2_ws/install/pilz_industrial_motion_planner:/home/fins/Workspace/moveit2_ws/install/moveit_visual_tools:/home/fins/Workspace/moveit2_ws/install/moveit_task_constructor_visualization:/home/fins/Workspace/moveit2_ws/install/moveit_task_constructor_demo:/home/fins/Workspace/moveit2_ws/install/moveit_task_constructor_capabilities:/home/fins/Workspace/moveit2_ws/install/moveit_task_constructor_core:/home/fins/Workspace/moveit2_ws/install/moveit_ros_control_interface:/home/fins/Workspace/moveit2_ws/install/moveit_plugins:/home/fins/Workspace/moveit2_ws/install/moveit_simple_controller_manager:/home/fins/Workspace/moveit2_ws/install/moveit_setup_assistant:/home/fins/Workspace/moveit2_ws/install/moveit_setup_srdf_plugins:/home/fins/Workspace/moveit2_ws/install/moveit_setup_core_plugins:/home/fins/Workspace/moveit2_ws/install/moveit_setup_controllers:/home/fins/Workspace/moveit2_ws/install/moveit_setup_app_plugins:/home/fins/Workspace/moveit2_ws/install/moveit_setup_framework:/home/fins/Workspace/moveit2_ws/install/moveit_servo:/home/fins/Workspace/moveit2_ws/install/moveit_ros:/home/fins/Workspace/moveit2_ws/install/moveit_ros_visualization:/home/fins/Workspace/moveit2_ws/install/moveit_hybrid_planning:/home/fins/Workspace/moveit2_ws/install/moveit_ros_planning_interface:/home/fins/Workspace/moveit2_ws/install/moveit_ros_benchmarks:/home/fins/Workspace/moveit2_ws/install/moveit_ros_warehouse:/home/fins/Workspace/moveit2_ws/install/moveit_ros_robot_interaction:/home/fins/Workspace/moveit2_ws/install/moveit_ros_perception:/home/fins/Workspace/moveit2_ws/install/moveit_resources_prbt_pg70_support:/home/fins/Workspace/moveit2_ws/install/moveit_resources_prbt_moveit_config:/home/fins/Workspace/moveit2_ws/install/moveit_ros_move_group:/home/fins/Workspace/moveit2_ws/install/moveit_planners_ompl:/home/fins/Workspace/moveit2_ws/install/moveit_ros_planning:/home/fins/Workspace/moveit2_ws/install/moveit_ros_occupancy_map_monitor:/home/fins/Workspace/moveit2_ws/install/moveit_resources_prbt_ikfast_manipulator_plugin:/home/fins/Workspace/moveit2_ws/install/moveit_planners_chomp:/home/fins/Workspace/moveit2_ws/install/moveit_kinematics:/home/fins/Workspace/moveit2_ws/install/moveit_chomp_optimizer_adapter:/home/fins/Workspace/moveit2_ws/install/chomp_motion_planner:/home/fins/Workspace/moveit2_ws/install/moveit_core:/home/fins/Workspace/moveit2_ws/install/moveit_configs_utils:/home/fins/Workspace/moveit2_ws/install/srdfdom:/home/fins/Workspace/moveit2_ws/install/rviz_marker_tools:/home/fins/Workspace/moveit2_ws/install/rosparam_shortcuts:/home/fins/Workspace/moveit2_ws/install/moveit_task_constructor_msgs:/home/fins/Workspace/moveit2_ws/install/moveit_resources_prbt_support:/home/fins/Workspace/moveit2_ws/install/moveit_resources:/home/fins/Workspace/moveit2_ws/install/moveit_resources_pr2_description:/home/fins/Workspace/moveit2_ws/install/moveit_resources_panda_moveit_config:/home/fins/Workspace/moveit2_ws/install/moveit_resources_panda_description:/home/fins/Workspace/moveit2_ws/install/moveit_resources_fanuc_moveit_config:/home/fins/Workspace/moveit2_ws/install/moveit_resources_fanuc_description:/home/fins/Workspace/moveit2_ws/install/moveit_common:/home/fins/Workspace/moveit2_ws/install/launch_param_builder:/opt/ros/humble CMAKE_PREFIX_PATH=${CMAKE_PREFIX_PATH}:/home/fins/myrobot_final/install/robot_arm_description:/home/fins/Workspace/moveit2_ws/install/moveit_configs_utils:/home/fins/Workspace/moveit2_ws/install/launch_param_builder:/opt/ros/humble /usr/bin/cmake --build /home/fins/myrobot_final/build/mybot -- -j32 -l32
[3.573s] [  2%] [32mBuilding CXX object CMakeFiles/arm_execute_storage.dir/src/arm_execute_storage.cpp.o[0m
[3.573s] [  2%] [32mBuilding CXX object CMakeFiles/end_effector_feedback.dir/src/end_effector_feedback.cpp.o[0m
[3.575s] [  5%] [32mBuilding CXX object CMakeFiles/arm_execute_storage.dir/src/arm_control.cpp.o[0m
[3.575s] [  5%] [32mBuilding CXX object CMakeFiles/arm_execute_storage.dir/src/Communication.cpp.o[0m
[3.575s] [  6%] [32mBuilding CXX object CMakeFiles/arm_execute_processing_trajectory.dir/src/arm_execute_processing_trajectory.cpp.o[0m
[3.575s] [  8%] [32mBuilding CXX object CMakeFiles/execute.dir/src/execute.cpp.o[0m
[3.575s] [  9%] [32mBuilding CXX object CMakeFiles/arm_execute_circle.dir/src/arm_execute_circle.cpp.o[0m
[3.575s] [ 10%] [32mBuilding CXX object CMakeFiles/arm_execute_processing.dir/src/arm_execute_processing.cpp.o[0m
[3.575s] [ 12%] [32mBuilding CXX object CMakeFiles/arm_execute_storage.dir/src/Trajectory.cpp.o[0m
[3.575s] [ 19%] [32mBuilding CXX object CMakeFiles/arm_execute_circle.dir/src/arm_control.cpp.o[0m
[3.575s] [ 19%] [32mBuilding CXX object CMakeFiles/move_group_interface.dir/src/move_group_interface.cpp.o[0m
[3.575s] [ 19%] [32mBuilding CXX object CMakeFiles/arm_execute_second_storage_trajectory.dir/src/arm_execute_second_storage_trajectory.cpp.o[0m
[3.575s] [ 19%] [32mBuilding CXX object CMakeFiles/execute.dir/src/arm_control.cpp.o[0m
[3.576s] [ 19%] [32mBuilding CXX object CMakeFiles/set_target_pose.dir/src/set_target_pose.cpp.o[0m
[3.576s] [ 21%] [32mBuilding CXX object CMakeFiles/execute.dir/src/Communication.cpp.o[0m
[3.576s] [ 21%] [32mBuilding CXX object CMakeFiles/arm_execute_second_storage_trajectory.dir/src/arm_control.cpp.o[0m
[3.576s] [ 24%] [32mBuilding CXX object CMakeFiles/arm_execute_processing_trajectory.dir/src/Trajectory.cpp.o[0m
[3.576s] [ 26%] [32mBuilding CXX object CMakeFiles/arm_execute_processing.dir/src/Communication.cpp.o[0m
[3.577s] [ 28%] [32mBuilding CXX object CMakeFiles/execute.dir/src/Trajectory.cpp.o[0m
[3.577s] [ 30%] [32mBuilding CXX object CMakeFiles/arm_execute_processing_trajectory.dir/src/Communication.cpp.o[0m
[3.577s] [ 32%] [32mBuilding CXX object CMakeFiles/arm_execute_total_trajectory_final.dir/src/arm_execute_total_trajectory_final.cpp.o[0m
[3.577s] [ 34%] [32mBuilding CXX object CMakeFiles/arm_execute_second_storage_trajectory.dir/src/Communication.cpp.o[0m
[3.577s] [ 34%] [32mBuilding CXX object CMakeFiles/arm_execute_total_trajectory_second.dir/src/arm_execute_total_trajectory_second.cpp.o[0m
[3.578s] [ 35%] [32mBuilding CXX object CMakeFiles/arm_execute_total_trajectory.dir/src/arm_execute_total_trajectory.cpp.o[0m
[3.578s] [ 36%] [32mBuilding CXX object CMakeFiles/arm_execute_node.dir/src/arm_execute.cpp.o[0m
[3.578s] [ 36%] [32mBuilding CXX object CMakeFiles/arm_execute_circle.dir/src/Communication.cpp.o[0m
[3.578s] [ 36%] [32mBuilding CXX object CMakeFiles/arm_execute_processing.dir/src/arm_control.cpp.o[0m
[3.578s] [ 38%] [32mBuilding CXX object CMakeFiles/arm_execute_circle_trajectory.dir/src/arm_execute_circle_trajectory.cpp.o[0m
[3.578s] [ 43%] [32mBuilding CXX object CMakeFiles/arm_execute_storage_trajectory.dir/src/arm_execute_storage_trajectory.cpp.o[0m
[3.578s] [ 43%] [32mBuilding CXX object CMakeFiles/arm_execute_processing_trajectory.dir/src/arm_control.cpp.o[0m
[3.578s] [ 43%] [32mBuilding CXX object CMakeFiles/trajectory_buffer_node.dir/src/trajectory_buffer.cpp.o[0m
[3.578s] [ 43%] [32mBuilding CXX object CMakeFiles/arm_execute_total_trajectory_second_final.dir/src/arm_execute_total_trajectory_second_final.cpp.o[0m
[26.109s] [ 46%] [32mBuilding CXX object CMakeFiles/arm_execute_total_trajectory_final.dir/src/arm_control.cpp.o[0m
[26.136s] [ 46%] [32mBuilding CXX object CMakeFiles/arm_execute_storage_trajectory.dir/src/arm_control.cpp.o[0m
[42.154s] [ 49%] [32mBuilding CXX object CMakeFiles/arm_execute_storage_trajectory.dir/src/Communication.cpp.o[0m
[42.156s] [ 49%] [32mBuilding CXX object CMakeFiles/arm_execute_total_trajectory_final.dir/src/Communication.cpp.o[0m
[44.394s] [ 50%] [32m[1mLinking CXX executable move_group_interface[0m
[45.423s] [ 50%] Built target move_group_interface
[45.437s] [ 52%] [32mBuilding CXX object CMakeFiles/arm_execute_total_trajectory_final.dir/src/Trajectory.cpp.o[0m
[56.070s] [ 53%] [32mBuilding CXX object CMakeFiles/arm_execute_node.dir/src/arm_control.cpp.o[0m
[56.417s] [ 54%] [32mBuilding CXX object CMakeFiles/arm_execute_storage_trajectory.dir/src/Trajectory.cpp.o[0m
[56.436s] [ 56%] [32m[1mLinking CXX executable arm_execute_total_trajectory_final[0m
[56.982s] [ 57%] [32mBuilding CXX object CMakeFiles/arm_execute_node.dir/src/Communication.cpp.o[0m
[57.161s] [ 58%] [32mBuilding CXX object CMakeFiles/arm_execute_total_trajectory_second_final.dir/src/arm_control.cpp.o[0m
[57.915s] [ 58%] Built target arm_execute_total_trajectory_final
[57.937s] [ 60%] [32mBuilding CXX object CMakeFiles/arm_execute_total_trajectory.dir/src/arm_control.cpp.o[0m
[69.640s] [ 63%] [32mBuilding CXX object CMakeFiles/arm_execute_total_trajectory.dir/src/Communication.cpp.o[0m
[69.643s] [ 63%] [32mBuilding CXX object CMakeFiles/arm_execute_node.dir/src/Trajectory.cpp.o[0m
[70.871s] [ 64%] [32mBuilding CXX object CMakeFiles/arm_execute_total_trajectory_second.dir/src/arm_control.cpp.o[0m
[71.034s] [ 65%] [32mBuilding CXX object CMakeFiles/arm_execute_second_storage_trajectory.dir/src/Trajectory.cpp.o[0m
[71.175s] [ 67%] [32mBuilding CXX object CMakeFiles/arm_execute_circle.dir/src/Trajectory.cpp.o[0m
[71.624s] [ 68%] [32mBuilding CXX object CMakeFiles/arm_execute_circle_trajectory.dir/src/arm_control.cpp.o[0m
[71.734s] [ 69%] [32m[1mLinking CXX executable arm_execute_storage_trajectory[0m
[71.753s] [ 71%] [32mBuilding CXX object CMakeFiles/arm_execute_total_trajectory.dir/src/Trajectory.cpp.o[0m
[72.293s] [ 72%] [32mBuilding CXX object CMakeFiles/arm_execute_total_trajectory_second_final.dir/src/Communication.cpp.o[0m
[72.801s] [ 73%] [32mBuilding CXX object CMakeFiles/arm_execute_total_trajectory_second_final.dir/src/Trajectory.cpp.o[0m
[73.567s] [ 73%] Built target arm_execute_storage_trajectory
[73.589s] [ 75%] [32mBuilding CXX object CMakeFiles/arm_execute_processing.dir/src/Trajectory.cpp.o[0m
[73.594s] [ 76%] [32m[1mLinking CXX executable end_effector_feedback[0m
[74.190s] [ 76%] Built target end_effector_feedback
[74.215s] [ 78%] [32mBuilding CXX object CMakeFiles/arm_execute_total_trajectory_second.dir/src/Communication.cpp.o[0m
[74.784s] [ 79%] [32mBuilding CXX object CMakeFiles/arm_execute_total_trajectory_second.dir/src/Trajectory.cpp.o[0m
[76.982s] [ 80%] [32m[1mLinking CXX executable set_target_pose[0m
[88.815s] [ 82%] [32mBuilding CXX object CMakeFiles/arm_execute_circle_trajectory.dir/src/Communication.cpp.o[0m
[88.898s] [ 82%] Built target set_target_pose
[88.912s] [ 83%] [32mBuilding CXX object CMakeFiles/arm_execute_circle_trajectory.dir/src/Trajectory.cpp.o[0m
[102.118s] [ 84%] [32m[1mLinking CXX executable arm_execute_node[0m
[103.042s] [ 84%] Built target arm_execute_node
[104.127s] [ 86%] [32m[1mLinking CXX executable arm_execute_circle_trajectory[0m
[104.772s] [ 87%] [32m[1mLinking CXX executable arm_execute_total_trajectory_second_final[0m
[104.902s] [ 87%] Built target arm_execute_circle_trajectory
[105.606s] [ 87%] Built target arm_execute_total_trajectory_second_final
[107.755s] [ 89%] [32m[1mLinking CXX executable arm_execute_circle[0m
[108.592s] [ 89%] Built target arm_execute_circle
[108.780s] [ 90%] [32m[1mLinking CXX executable arm_execute_processing[0m
[108.916s] [ 91%] [32m[1mLinking CXX executable arm_execute_storage[0m
[109.018s] [ 93%] [32m[1mLinking CXX executable arm_execute_total_trajectory[0m
[109.067s] [ 94%] [32m[1mLinking CXX executable arm_execute_second_storage_trajectory[0m
[109.261s] [ 95%] [32m[1mLinking CXX executable arm_execute_total_trajectory_second[0m
[109.273s] [ 97%] [32m[1mLinking CXX executable execute[0m
[109.664s] [ 97%] Built target arm_execute_processing
[109.836s] [ 97%] Built target arm_execute_storage
[109.889s] [ 97%] Built target arm_execute_total_trajectory
[109.969s] [ 97%] Built target arm_execute_second_storage_trajectory
[110.069s] [ 97%] Built target arm_execute_total_trajectory_second
[110.111s] [ 97%] Built target execute
[110.169s] [ 98%] [32m[1mLinking CXX executable arm_execute_processing_trajectory[0m
[110.832s] [ 98%] Built target arm_execute_processing_trajectory
[112.281s] [100%] [32m[1mLinking CXX executable trajectory_buffer_node[0m
[113.163s] [100%] Built target trajectory_buffer_node
[113.222s] Invoked command in '/home/fins/myrobot_final/build/mybot' returned '0': AMENT_PREFIX_PATH=/home/fins/myrobot_final/install/robot_arm_description:/home/fins/myrobot_final/install/mybot:/home/fins/Workspace/moveit2_ws/install/pilz_industrial_motion_planner_testutils:/home/fins/Workspace/moveit2_ws/install/moveit_runtime:/home/fins/Workspace/moveit2_ws/install/moveit2_tutorials:/home/fins/Workspace/moveit2_ws/install/moveit:/home/fins/Workspace/moveit2_ws/install/moveit_planners:/home/fins/Workspace/moveit2_ws/install/pilz_industrial_motion_planner:/home/fins/Workspace/moveit2_ws/install/moveit_visual_tools:/home/fins/Workspace/moveit2_ws/install/moveit_task_constructor_visualization:/home/fins/Workspace/moveit2_ws/install/moveit_task_constructor_demo:/home/fins/Workspace/moveit2_ws/install/moveit_task_constructor_capabilities:/home/fins/Workspace/moveit2_ws/install/moveit_task_constructor_core:/home/fins/Workspace/moveit2_ws/install/moveit_ros_control_interface:/home/fins/Workspace/moveit2_ws/install/moveit_plugins:/home/fins/Workspace/moveit2_ws/install/moveit_simple_controller_manager:/home/fins/Workspace/moveit2_ws/install/moveit_setup_assistant:/home/fins/Workspace/moveit2_ws/install/moveit_setup_srdf_plugins:/home/fins/Workspace/moveit2_ws/install/moveit_setup_core_plugins:/home/fins/Workspace/moveit2_ws/install/moveit_setup_controllers:/home/fins/Workspace/moveit2_ws/install/moveit_setup_app_plugins:/home/fins/Workspace/moveit2_ws/install/moveit_setup_framework:/home/fins/Workspace/moveit2_ws/install/moveit_servo:/home/fins/Workspace/moveit2_ws/install/moveit_ros:/home/fins/Workspace/moveit2_ws/install/moveit_ros_visualization:/home/fins/Workspace/moveit2_ws/install/moveit_hybrid_planning:/home/fins/Workspace/moveit2_ws/install/moveit_ros_planning_interface:/home/fins/Workspace/moveit2_ws/install/moveit_ros_benchmarks:/home/fins/Workspace/moveit2_ws/install/moveit_ros_warehouse:/home/fins/Workspace/moveit2_ws/install/moveit_ros_robot_interaction:/home/fins/Workspace/moveit2_ws/install/moveit_ros_perception:/home/fins/Workspace/moveit2_ws/install/moveit_resources_prbt_pg70_support:/home/fins/Workspace/moveit2_ws/install/moveit_resources_prbt_moveit_config:/home/fins/Workspace/moveit2_ws/install/moveit_ros_move_group:/home/fins/Workspace/moveit2_ws/install/moveit_planners_ompl:/home/fins/Workspace/moveit2_ws/install/moveit_ros_planning:/home/fins/Workspace/moveit2_ws/install/moveit_ros_occupancy_map_monitor:/home/fins/Workspace/moveit2_ws/install/moveit_resources_prbt_ikfast_manipulator_plugin:/home/fins/Workspace/moveit2_ws/install/moveit_planners_chomp:/home/fins/Workspace/moveit2_ws/install/moveit_kinematics:/home/fins/Workspace/moveit2_ws/install/moveit_chomp_optimizer_adapter:/home/fins/Workspace/moveit2_ws/install/chomp_motion_planner:/home/fins/Workspace/moveit2_ws/install/moveit_core:/home/fins/Workspace/moveit2_ws/install/moveit_configs_utils:/home/fins/Workspace/moveit2_ws/install/srdfdom:/home/fins/Workspace/moveit2_ws/install/rviz_marker_tools:/home/fins/Workspace/moveit2_ws/install/rosparam_shortcuts:/home/fins/Workspace/moveit2_ws/install/moveit_task_constructor_msgs:/home/fins/Workspace/moveit2_ws/install/moveit_resources_prbt_support:/home/fins/Workspace/moveit2_ws/install/moveit_resources:/home/fins/Workspace/moveit2_ws/install/moveit_resources_pr2_description:/home/fins/Workspace/moveit2_ws/install/moveit_resources_panda_moveit_config:/home/fins/Workspace/moveit2_ws/install/moveit_resources_panda_description:/home/fins/Workspace/moveit2_ws/install/moveit_resources_fanuc_moveit_config:/home/fins/Workspace/moveit2_ws/install/moveit_resources_fanuc_description:/home/fins/Workspace/moveit2_ws/install/moveit_common:/home/fins/Workspace/moveit2_ws/install/launch_param_builder:/opt/ros/humble CMAKE_PREFIX_PATH=${CMAKE_PREFIX_PATH}:/home/fins/myrobot_final/install/robot_arm_description:/home/fins/Workspace/moveit2_ws/install/moveit_configs_utils:/home/fins/Workspace/moveit2_ws/install/launch_param_builder:/opt/ros/humble /usr/bin/cmake --build /home/fins/myrobot_final/build/mybot -- -j32 -l32
[113.390s] Invoking command in '/home/fins/myrobot_final/build/mybot': AMENT_PREFIX_PATH=/home/fins/myrobot_final/install/robot_arm_description:/home/fins/myrobot_final/install/mybot:/home/fins/Workspace/moveit2_ws/install/pilz_industrial_motion_planner_testutils:/home/fins/Workspace/moveit2_ws/install/moveit_runtime:/home/fins/Workspace/moveit2_ws/install/moveit2_tutorials:/home/fins/Workspace/moveit2_ws/install/moveit:/home/fins/Workspace/moveit2_ws/install/moveit_planners:/home/fins/Workspace/moveit2_ws/install/pilz_industrial_motion_planner:/home/fins/Workspace/moveit2_ws/install/moveit_visual_tools:/home/fins/Workspace/moveit2_ws/install/moveit_task_constructor_visualization:/home/fins/Workspace/moveit2_ws/install/moveit_task_constructor_demo:/home/fins/Workspace/moveit2_ws/install/moveit_task_constructor_capabilities:/home/fins/Workspace/moveit2_ws/install/moveit_task_constructor_core:/home/fins/Workspace/moveit2_ws/install/moveit_ros_control_interface:/home/fins/Workspace/moveit2_ws/install/moveit_plugins:/home/fins/Workspace/moveit2_ws/install/moveit_simple_controller_manager:/home/fins/Workspace/moveit2_ws/install/moveit_setup_assistant:/home/fins/Workspace/moveit2_ws/install/moveit_setup_srdf_plugins:/home/fins/Workspace/moveit2_ws/install/moveit_setup_core_plugins:/home/fins/Workspace/moveit2_ws/install/moveit_setup_controllers:/home/fins/Workspace/moveit2_ws/install/moveit_setup_app_plugins:/home/fins/Workspace/moveit2_ws/install/moveit_setup_framework:/home/fins/Workspace/moveit2_ws/install/moveit_servo:/home/fins/Workspace/moveit2_ws/install/moveit_ros:/home/fins/Workspace/moveit2_ws/install/moveit_ros_visualization:/home/fins/Workspace/moveit2_ws/install/moveit_hybrid_planning:/home/fins/Workspace/moveit2_ws/install/moveit_ros_planning_interface:/home/fins/Workspace/moveit2_ws/install/moveit_ros_benchmarks:/home/fins/Workspace/moveit2_ws/install/moveit_ros_warehouse:/home/fins/Workspace/moveit2_ws/install/moveit_ros_robot_interaction:/home/fins/Workspace/moveit2_ws/install/moveit_ros_perception:/home/fins/Workspace/moveit2_ws/install/moveit_resources_prbt_pg70_support:/home/fins/Workspace/moveit2_ws/install/moveit_resources_prbt_moveit_config:/home/fins/Workspace/moveit2_ws/install/moveit_ros_move_group:/home/fins/Workspace/moveit2_ws/install/moveit_planners_ompl:/home/fins/Workspace/moveit2_ws/install/moveit_ros_planning:/home/fins/Workspace/moveit2_ws/install/moveit_ros_occupancy_map_monitor:/home/fins/Workspace/moveit2_ws/install/moveit_resources_prbt_ikfast_manipulator_plugin:/home/fins/Workspace/moveit2_ws/install/moveit_planners_chomp:/home/fins/Workspace/moveit2_ws/install/moveit_kinematics:/home/fins/Workspace/moveit2_ws/install/moveit_chomp_optimizer_adapter:/home/fins/Workspace/moveit2_ws/install/chomp_motion_planner:/home/fins/Workspace/moveit2_ws/install/moveit_core:/home/fins/Workspace/moveit2_ws/install/moveit_configs_utils:/home/fins/Workspace/moveit2_ws/install/srdfdom:/home/fins/Workspace/moveit2_ws/install/rviz_marker_tools:/home/fins/Workspace/moveit2_ws/install/rosparam_shortcuts:/home/fins/Workspace/moveit2_ws/install/moveit_task_constructor_msgs:/home/fins/Workspace/moveit2_ws/install/moveit_resources_prbt_support:/home/fins/Workspace/moveit2_ws/install/moveit_resources:/home/fins/Workspace/moveit2_ws/install/moveit_resources_pr2_description:/home/fins/Workspace/moveit2_ws/install/moveit_resources_panda_moveit_config:/home/fins/Workspace/moveit2_ws/install/moveit_resources_panda_description:/home/fins/Workspace/moveit2_ws/install/moveit_resources_fanuc_moveit_config:/home/fins/Workspace/moveit2_ws/install/moveit_resources_fanuc_description:/home/fins/Workspace/moveit2_ws/install/moveit_common:/home/fins/Workspace/moveit2_ws/install/launch_param_builder:/opt/ros/humble CMAKE_PREFIX_PATH=${CMAKE_PREFIX_PATH}:/home/fins/myrobot_final/install/robot_arm_description:/home/fins/Workspace/moveit2_ws/install/moveit_configs_utils:/home/fins/Workspace/moveit2_ws/install/launch_param_builder:/opt/ros/humble /usr/bin/cmake --install /home/fins/myrobot_final/build/mybot
[113.399s] -- Install configuration: ""
[113.400s] -- Installing: /home/fins/myrobot_final/install/mybot/lib/mybot/move_group_interface
[113.404s] -- Set runtime path of "/home/fins/myrobot_final/install/mybot/lib/mybot/move_group_interface" to ""
[113.404s] -- Installing: /home/fins/myrobot_final/install/mybot/lib/mybot/end_effector_feedback
[113.405s] -- Set runtime path of "/home/fins/myrobot_final/install/mybot/lib/mybot/end_effector_feedback" to ""
[113.405s] -- Installing: /home/fins/myrobot_final/install/mybot/lib/mybot/execute
[113.409s] -- Set runtime path of "/home/fins/myrobot_final/install/mybot/lib/mybot/execute" to ""
[113.409s] -- Installing: /home/fins/myrobot_final/install/mybot/lib/mybot/set_target_pose
[113.410s] -- Set runtime path of "/home/fins/myrobot_final/install/mybot/lib/mybot/set_target_pose" to ""
[113.410s] -- Installing: /home/fins/myrobot_final/install/mybot/lib/mybot/arm_execute_node
[113.414s] -- Set runtime path of "/home/fins/myrobot_final/install/mybot/lib/mybot/arm_execute_node" to ""
[113.414s] -- Installing: /home/fins/myrobot_final/install/mybot/lib/mybot/trajectory_buffer_node
[113.421s] -- Set runtime path of "/home/fins/myrobot_final/install/mybot/lib/mybot/trajectory_buffer_node" to ""
[113.421s] -- Installing: /home/fins/myrobot_final/install/mybot/lib/mybot/arm_execute_storage
[113.425s] -- Set runtime path of "/home/fins/myrobot_final/install/mybot/lib/mybot/arm_execute_storage" to ""
[113.425s] -- Installing: /home/fins/myrobot_final/install/mybot/lib/mybot/arm_execute_processing
[113.429s] -- Set runtime path of "/home/fins/myrobot_final/install/mybot/lib/mybot/arm_execute_processing" to ""
[113.429s] -- Installing: /home/fins/myrobot_final/install/mybot/lib/mybot/arm_execute_storage_trajectory
[113.436s] -- Set runtime path of "/home/fins/myrobot_final/install/mybot/lib/mybot/arm_execute_storage_trajectory" to ""
[113.436s] -- Installing: /home/fins/myrobot_final/install/mybot/lib/mybot/arm_execute_second_storage_trajectory
[113.440s] -- Set runtime path of "/home/fins/myrobot_final/install/mybot/lib/mybot/arm_execute_second_storage_trajectory" to ""
[113.440s] -- Installing: /home/fins/myrobot_final/install/mybot/lib/mybot/arm_execute_processing_trajectory
[113.444s] -- Set runtime path of "/home/fins/myrobot_final/install/mybot/lib/mybot/arm_execute_processing_trajectory" to ""
[113.444s] -- Installing: /home/fins/myrobot_final/install/mybot/lib/mybot/arm_execute_total_trajectory_final
[113.451s] -- Set runtime path of "/home/fins/myrobot_final/install/mybot/lib/mybot/arm_execute_total_trajectory_final" to ""
[113.451s] -- Installing: /home/fins/myrobot_final/install/mybot/lib/mybot/arm_execute_total_trajectory_second
[113.455s] -- Set runtime path of "/home/fins/myrobot_final/install/mybot/lib/mybot/arm_execute_total_trajectory_second" to ""
[113.455s] -- Installing: /home/fins/myrobot_final/install/mybot/lib/mybot/arm_execute_total_trajectory_second_final
[113.459s] -- Set runtime path of "/home/fins/myrobot_final/install/mybot/lib/mybot/arm_execute_total_trajectory_second_final" to ""
[113.459s] -- Installing: /home/fins/myrobot_final/install/mybot/lib/mybot/arm_execute_total_trajectory
[113.464s] -- Set runtime path of "/home/fins/myrobot_final/install/mybot/lib/mybot/arm_execute_total_trajectory" to ""
[113.464s] -- Installing: /home/fins/myrobot_final/install/mybot/lib/mybot/arm_execute_circle_trajectory
[113.468s] -- Set runtime path of "/home/fins/myrobot_final/install/mybot/lib/mybot/arm_execute_circle_trajectory" to ""
[113.468s] -- Installing: /home/fins/myrobot_final/install/mybot/lib/mybot/arm_execute_circle
[113.473s] -- Set runtime path of "/home/fins/myrobot_final/install/mybot/lib/mybot/arm_execute_circle" to ""
[113.473s] -- Installing: /home/fins/myrobot_final/install/mybot/share/mybot/src
[113.473s] -- Installing: /home/fins/myrobot_final/install/mybot/share/mybot/src/arm_execute_total_trajectory.cpp
[113.473s] -- Installing: /home/fins/myrobot_final/install/mybot/share/mybot/src/arm_execute_storage.cpp
[113.474s] -- Installing: /home/fins/myrobot_final/install/mybot/share/mybot/src/arm_execute_total_trajectory_second_final_226备份.cpp
[113.474s] -- Installing: /home/fins/myrobot_final/install/mybot/share/mybot/src/arm_execute_total_trajectory_second.cpp
[113.474s] -- Installing: /home/fins/myrobot_final/install/mybot/share/mybot/src/trajectory_buffer_2_28大改前.cpp
[113.474s] -- Installing: /home/fins/myrobot_final/install/mybot/share/mybot/src/arm_control_2_17.cpp
[113.475s] -- Installing: /home/fins/myrobot_final/install/mybot/share/mybot/src/Communication.h
[113.475s] -- Installing: /home/fins/myrobot_final/install/mybot/share/mybot/src/arm_execute_total_trajectory_final_改动大小前226.cpp
[113.475s] -- Installing: /home/fins/myrobot_final/install/mybot/share/mybot/src/arm_control(修改相对路径前).cpp
[113.475s] -- Installing: /home/fins/myrobot_final/install/mybot/share/mybot/src/log
[113.475s] -- Installing: /home/fins/myrobot_final/install/mybot/share/mybot/src/log/latest
[113.475s] -- Installing: /home/fins/myrobot_final/install/mybot/share/mybot/src/log/latest_list
[113.476s] -- Installing: /home/fins/myrobot_final/install/mybot/share/mybot/src/log/list_2024-08-30_14-37-32
[113.476s] -- Installing: /home/fins/myrobot_final/install/mybot/share/mybot/src/arm_execute_second_storage_trajectory.cpp
[113.476s] -- Installing: /home/fins/myrobot_final/install/mybot/share/mybot/src/trajectory_buffer_2.27号大改前.cpp
[113.476s] -- Installing: /home/fins/myrobot_final/install/mybot/share/mybot/src/Trajectory.hpp
[113.476s] -- Installing: /home/fins/myrobot_final/install/mybot/share/mybot/src/arm_execute_processing.cpp
[113.476s] -- Installing: /home/fins/myrobot_final/install/mybot/share/mybot/src/Trajectory.cpp
[113.476s] -- Installing: /home/fins/myrobot_final/install/mybot/share/mybot/src/execute.cpp
[113.477s] -- Installing: /home/fins/myrobot_final/install/mybot/share/mybot/src/arm_execute.cpp
[113.477s] -- Installing: /home/fins/myrobot_final/install/mybot/share/mybot/src/arm_execute_storage_trajectory.cpp
[113.477s] -- Installing: /home/fins/myrobot_final/install/mybot/share/mybot/src/end_effector_feedback.cpp
[113.477s] -- Installing: /home/fins/myrobot_final/install/mybot/share/mybot/src/arm_control.cpp
[113.478s] -- Installing: /home/fins/myrobot_final/install/mybot/share/mybot/src/end_effector_feedback 成功.cpp
[113.478s] -- Installing: /home/fins/myrobot_final/install/mybot/share/mybot/src/arm_execute_total_trajectory_second_final.cpp
[113.478s] -- Installing: /home/fins/myrobot_final/install/mybot/share/mybot/src/TrajectoryInterpolator.hpp
[113.478s] -- Installing: /home/fins/myrobot_final/install/mybot/share/mybot/src/Communication.cpp
[113.478s] -- Installing: /home/fins/myrobot_final/install/mybot/share/mybot/src/arm_execute_circle_trajectory.cpp
[113.478s] -- Installing: /home/fins/myrobot_final/install/mybot/share/mybot/src/arm_execute_total_trajectory_final_2_27有轨迹.cpp
[113.479s] -- Installing: /home/fins/myrobot_final/install/mybot/share/mybot/src/arm_execute_processing_trajectory.cpp
[113.479s] -- Installing: /home/fins/myrobot_final/install/mybot/share/mybot/src/arm_execute_storage(从地上抓起来放到车上).cpp
[113.479s] -- Installing: /home/fins/myrobot_final/install/mybot/share/mybot/src/move_group_interface.cpp
[113.479s] -- Installing: /home/fins/myrobot_final/install/mybot/share/mybot/src/TrajectoryInterpolator.cpp
[113.479s] -- Installing: /home/fins/myrobot_final/install/mybot/share/mybot/src/trajectory_buffer_gpt.cpp
[113.479s] -- Installing: /home/fins/myrobot_final/install/mybot/share/mybot/src/arm_execute_total_trajectory_final.cpp
[113.480s] -- Installing: /home/fins/myrobot_final/install/mybot/share/mybot/src/arm_execute_total_trajectory_调试用副本.cpp
[113.480s] -- Installing: /home/fins/myrobot_final/install/mybot/share/mybot/src/.vscode
[113.480s] -- Installing: /home/fins/myrobot_final/install/mybot/share/mybot/src/arm_control修改相对路径前.h
[113.480s] -- Installing: /home/fins/myrobot_final/install/mybot/share/mybot/src/arm_control.h
[113.480s] -- Installing: /home/fins/myrobot_final/install/mybot/share/mybot/src/trajectory_subscriber_node.cpp
[113.481s] -- Installing: /home/fins/myrobot_final/install/mybot/share/mybot/src/arm_execute_circle(原来的版本).cpp
[113.481s] -- Installing: /home/fins/myrobot_final/install/mybot/share/mybot/src/set_target_pose.cpp
[113.481s] -- Installing: /home/fins/myrobot_final/install/mybot/share/mybot/src/arm_execute_total_trajectory_second_final_备份.cpp
[113.481s] -- Installing: /home/fins/myrobot_final/install/mybot/share/mybot/src/arm_execute_circle.cpp
[113.481s] -- Installing: /home/fins/myrobot_final/install/mybot/share/mybot/src/trajectory_buffer.cpp
[113.481s] -- Installing: /home/fins/myrobot_final/install/mybot/share/mybot/config
[113.482s] -- Installing: /home/fins/myrobot_final/install/mybot/share/mybot/config/circle12.yaml
[113.482s] -- Installing: /home/fins/myrobot_final/install/mybot/share/mybot/config/robot_arm_description.urdf.xacro
[113.482s] -- Installing: /home/fins/myrobot_final/install/mybot/share/mybot/config/processing21.yaml
[113.482s] -- Installing: /home/fins/myrobot_final/install/mybot/share/mybot/config/trajectory_5.yaml
[113.482s] -- Installing: /home/fins/myrobot_final/install/mybot/share/mybot/config/planned_trajectory.txt
[113.491s] -- Installing: /home/fins/myrobot_final/install/mybot/share/mybot/config/kinematics.yaml
[113.491s] -- Installing: /home/fins/myrobot_final/install/mybot/share/mybot/config/robot_arm_description.srdf
[113.491s] -- Installing: /home/fins/myrobot_final/install/mybot/share/mybot/config/processing32.yaml
[113.492s] -- Installing: /home/fins/myrobot_final/install/mybot/share/mybot/config/initial_positions.yaml
[113.492s] -- Installing: /home/fins/myrobot_final/install/mybot/share/mybot/config/circle31.yaml
[113.492s] -- Installing: /home/fins/myrobot_final/install/mybot/share/mybot/config/planned_trajectory（复件）.txt
[113.492s] -- Installing: /home/fins/myrobot_final/install/mybot/share/mybot/config/default_trajectory.yaml
[113.493s] -- Installing: /home/fins/myrobot_final/install/mybot/share/mybot/config/trajectory_3.yaml
[113.493s] -- Installing: /home/fins/myrobot_final/install/mybot/share/mybot/config/param_1.yaml
[113.493s] -- Installing: /home/fins/myrobot_final/install/mybot/share/mybot/config/joint_limits.yaml
[113.493s] -- Installing: /home/fins/myrobot_final/install/mybot/share/mybot/config/circle21.yaml
[113.493s] -- Installing: /home/fins/myrobot_final/install/mybot/share/mybot/config/processing31.yaml
[113.493s] -- Installing: /home/fins/myrobot_final/install/mybot/share/mybot/config/trajectory_4.yaml
[113.494s] -- Installing: /home/fins/myrobot_final/install/mybot/share/mybot/config/param.yaml
[113.494s] -- Installing: /home/fins/myrobot_final/install/mybot/share/mybot/config/moveit.rviz
[113.494s] -- Installing: /home/fins/myrobot_final/install/mybot/share/mybot/config/circle32.yaml
[113.494s] -- Installing: /home/fins/myrobot_final/install/mybot/share/mybot/config/gazebo_arm_description.urdf.xacro
[113.494s] -- Installing: /home/fins/myrobot_final/install/mybot/share/mybot/config/moveit_controllers.yaml
[113.494s] -- Installing: /home/fins/myrobot_final/install/mybot/share/mybot/config/planned_trajectory（另一个复件）.txt
[113.495s] -- Installing: /home/fins/myrobot_final/install/mybot/share/mybot/config/processing22.yaml
[113.495s] -- Installing: /home/fins/myrobot_final/install/mybot/share/mybot/config/processing12.yaml
[113.495s] -- Installing: /home/fins/myrobot_final/install/mybot/share/mybot/config/processing11.yaml
[113.495s] -- Installing: /home/fins/myrobot_final/install/mybot/share/mybot/config/circle22.yaml
[113.495s] -- Installing: /home/fins/myrobot_final/install/mybot/share/mybot/config/robot_arm_description.ros2_control.xacro
[113.495s] -- Installing: /home/fins/myrobot_final/install/mybot/share/mybot/config/ros2_controllers.yaml
[113.496s] -- Installing: /home/fins/myrobot_final/install/mybot/share/mybot/config/circle11.yaml
[113.496s] -- Installing: /home/fins/myrobot_final/install/mybot/share/mybot/config/pilz_cartesian_limits.yaml
[113.496s] -- Installing: /home/fins/myrobot_final/install/mybot/share/mybot/launch
[113.496s] -- Installing: /home/fins/myrobot_final/install/mybot/share/mybot/launch/my_moveit_rviz.launch.py
[113.496s] -- Installing: /home/fins/myrobot_final/install/mybot/share/mybot/launch/setup_assistant.launch.py
[113.496s] -- Installing: /home/fins/myrobot_final/install/mybot/share/mybot/launch/static_virtual_joint_tfs.launch.py
[113.497s] -- Installing: /home/fins/myrobot_final/install/mybot/share/mybot/launch/moveit_rviz.launch.py
[113.497s] -- Installing: /home/fins/myrobot_final/install/mybot/share/mybot/launch/warehouse_db.launch.py
[113.497s] -- Installing: /home/fins/myrobot_final/install/mybot/share/mybot/launch/move_group.launch.py
[113.497s] -- Installing: /home/fins/myrobot_final/install/mybot/share/mybot/launch/move_group_interface.launch.py
[113.497s] -- Installing: /home/fins/myrobot_final/install/mybot/share/mybot/launch/rsp.launch.py
[113.497s] -- Installing: /home/fins/myrobot_final/install/mybot/share/mybot/launch/gazebo.launch.py
[113.497s] -- Installing: /home/fins/myrobot_final/install/mybot/share/mybot/launch/spawn_controllers.launch.py
[113.497s] -- Installing: /home/fins/myrobot_final/install/mybot/share/mybot/launch/trajectory_subscriber_launch.py
[113.498s] -- Installing: /home/fins/myrobot_final/install/mybot/share/mybot/launch/demo.launch.py
[113.498s] -- Installing: /home/fins/myrobot_final/install/mybot/share/mybot/.setup_assistant
[113.499s] -- Installing: /home/fins/myrobot_final/install/mybot/share/ament_index/resource_index/package_run_dependencies/mybot
[113.499s] -- Installing: /home/fins/myrobot_final/install/mybot/share/ament_index/resource_index/parent_prefix_path/mybot
[113.499s] -- Installing: /home/fins/myrobot_final/install/mybot/share/mybot/environment/ament_prefix_path.sh
[113.499s] -- Installing: /home/fins/myrobot_final/install/mybot/share/mybot/environment/ament_prefix_path.dsv
[113.500s] -- Installing: /home/fins/myrobot_final/install/mybot/share/mybot/environment/path.sh
[113.500s] -- Installing: /home/fins/myrobot_final/install/mybot/share/mybot/environment/path.dsv
[113.500s] -- Installing: /home/fins/myrobot_final/install/mybot/share/mybot/local_setup.bash
[113.500s] -- Installing: /home/fins/myrobot_final/install/mybot/share/mybot/local_setup.sh
[113.500s] -- Installing: /home/fins/myrobot_final/install/mybot/share/mybot/local_setup.zsh
[113.500s] -- Installing: /home/fins/myrobot_final/install/mybot/share/mybot/local_setup.dsv
[113.501s] -- Installing: /home/fins/myrobot_final/install/mybot/share/mybot/package.dsv
[113.501s] -- Installing: /home/fins/myrobot_final/install/mybot/share/ament_index/resource_index/packages/mybot
[113.501s] -- Installing: /home/fins/myrobot_final/install/mybot/share/mybot/cmake/mybotConfig.cmake
[113.501s] -- Installing: /home/fins/myrobot_final/install/mybot/share/mybot/cmake/mybotConfig-version.cmake
[113.501s] -- Installing: /home/fins/myrobot_final/install/mybot/share/mybot/package.xml
[113.511s] Invoked command in '/home/fins/myrobot_final/build/mybot' returned '0': AMENT_PREFIX_PATH=/home/fins/myrobot_final/install/robot_arm_description:/home/fins/myrobot_final/install/mybot:/home/fins/Workspace/moveit2_ws/install/pilz_industrial_motion_planner_testutils:/home/fins/Workspace/moveit2_ws/install/moveit_runtime:/home/fins/Workspace/moveit2_ws/install/moveit2_tutorials:/home/fins/Workspace/moveit2_ws/install/moveit:/home/fins/Workspace/moveit2_ws/install/moveit_planners:/home/fins/Workspace/moveit2_ws/install/pilz_industrial_motion_planner:/home/fins/Workspace/moveit2_ws/install/moveit_visual_tools:/home/fins/Workspace/moveit2_ws/install/moveit_task_constructor_visualization:/home/fins/Workspace/moveit2_ws/install/moveit_task_constructor_demo:/home/fins/Workspace/moveit2_ws/install/moveit_task_constructor_capabilities:/home/fins/Workspace/moveit2_ws/install/moveit_task_constructor_core:/home/fins/Workspace/moveit2_ws/install/moveit_ros_control_interface:/home/fins/Workspace/moveit2_ws/install/moveit_plugins:/home/fins/Workspace/moveit2_ws/install/moveit_simple_controller_manager:/home/fins/Workspace/moveit2_ws/install/moveit_setup_assistant:/home/fins/Workspace/moveit2_ws/install/moveit_setup_srdf_plugins:/home/fins/Workspace/moveit2_ws/install/moveit_setup_core_plugins:/home/fins/Workspace/moveit2_ws/install/moveit_setup_controllers:/home/fins/Workspace/moveit2_ws/install/moveit_setup_app_plugins:/home/fins/Workspace/moveit2_ws/install/moveit_setup_framework:/home/fins/Workspace/moveit2_ws/install/moveit_servo:/home/fins/Workspace/moveit2_ws/install/moveit_ros:/home/fins/Workspace/moveit2_ws/install/moveit_ros_visualization:/home/fins/Workspace/moveit2_ws/install/moveit_hybrid_planning:/home/fins/Workspace/moveit2_ws/install/moveit_ros_planning_interface:/home/fins/Workspace/moveit2_ws/install/moveit_ros_benchmarks:/home/fins/Workspace/moveit2_ws/install/moveit_ros_warehouse:/home/fins/Workspace/moveit2_ws/install/moveit_ros_robot_interaction:/home/fins/Workspace/moveit2_ws/install/moveit_ros_perception:/home/fins/Workspace/moveit2_ws/install/moveit_resources_prbt_pg70_support:/home/fins/Workspace/moveit2_ws/install/moveit_resources_prbt_moveit_config:/home/fins/Workspace/moveit2_ws/install/moveit_ros_move_group:/home/fins/Workspace/moveit2_ws/install/moveit_planners_ompl:/home/fins/Workspace/moveit2_ws/install/moveit_ros_planning:/home/fins/Workspace/moveit2_ws/install/moveit_ros_occupancy_map_monitor:/home/fins/Workspace/moveit2_ws/install/moveit_resources_prbt_ikfast_manipulator_plugin:/home/fins/Workspace/moveit2_ws/install/moveit_planners_chomp:/home/fins/Workspace/moveit2_ws/install/moveit_kinematics:/home/fins/Workspace/moveit2_ws/install/moveit_chomp_optimizer_adapter:/home/fins/Workspace/moveit2_ws/install/chomp_motion_planner:/home/fins/Workspace/moveit2_ws/install/moveit_core:/home/fins/Workspace/moveit2_ws/install/moveit_configs_utils:/home/fins/Workspace/moveit2_ws/install/srdfdom:/home/fins/Workspace/moveit2_ws/install/rviz_marker_tools:/home/fins/Workspace/moveit2_ws/install/rosparam_shortcuts:/home/fins/Workspace/moveit2_ws/install/moveit_task_constructor_msgs:/home/fins/Workspace/moveit2_ws/install/moveit_resources_prbt_support:/home/fins/Workspace/moveit2_ws/install/moveit_resources:/home/fins/Workspace/moveit2_ws/install/moveit_resources_pr2_description:/home/fins/Workspace/moveit2_ws/install/moveit_resources_panda_moveit_config:/home/fins/Workspace/moveit2_ws/install/moveit_resources_panda_description:/home/fins/Workspace/moveit2_ws/install/moveit_resources_fanuc_moveit_config:/home/fins/Workspace/moveit2_ws/install/moveit_resources_fanuc_description:/home/fins/Workspace/moveit2_ws/install/moveit_common:/home/fins/Workspace/moveit2_ws/install/launch_param_builder:/opt/ros/humble CMAKE_PREFIX_PATH=${CMAKE_PREFIX_PATH}:/home/fins/myrobot_final/install/robot_arm_description:/home/fins/Workspace/moveit2_ws/install/moveit_configs_utils:/home/fins/Workspace/moveit2_ws/install/launch_param_builder:/opt/ros/humble /usr/bin/cmake --install /home/fins/myrobot_final/build/mybot
