running egg_info
writing ../../build/robot_arm_description/robot_arm_description.egg-info/PKG-INFO
writing dependency_links to ../../build/robot_arm_description/robot_arm_description.egg-info/dependency_links.txt
writing requirements to ../../build/robot_arm_description/robot_arm_description.egg-info/requires.txt
writing top-level names to ../../build/robot_arm_description/robot_arm_description.egg-info/top_level.txt
reading manifest file '../../build/robot_arm_description/robot_arm_description.egg-info/SOURCES.txt'
writing manifest file '../../build/robot_arm_description/robot_arm_description.egg-info/SOURCES.txt'
running build
running build_py
running install
running install_lib
running install_data
copying meshes/link4.STL -> /home/fins/myrobot_final/install/robot_arm_description/share/robot_arm_description/meshes
copying meshes/link_hand.STL -> /home/fins/myrobot_final/install/robot_arm_description/share/robot_arm_description/meshes
copying meshes/link6.STL -> /home/fins/myrobot_final/install/robot_arm_description/share/robot_arm_description/meshes
copying meshes/link3.STL -> /home/fins/myrobot_final/install/robot_arm_description/share/robot_arm_description/meshes
copying meshes/link5.STL -> /home/fins/myrobot_final/install/robot_arm_description/share/robot_arm_description/meshes
copying meshes/base_link.STL -> /home/fins/myrobot_final/install/robot_arm_description/share/robot_arm_description/meshes
copying meshes/link1.STL -> /home/fins/myrobot_final/install/robot_arm_description/share/robot_arm_description/meshes
copying meshes/link2.STL -> /home/fins/myrobot_final/install/robot_arm_description/share/robot_arm_description/meshes
running install_egg_info
removing '/home/fins/myrobot_final/install/robot_arm_description/lib/python3.10/site-packages/robot_arm_description-0.0.0-py3.10.egg-info' (and everything under it)
Copying ../../build/robot_arm_description/robot_arm_description.egg-info to /home/fins/myrobot_final/install/robot_arm_description/lib/python3.10/site-packages/robot_arm_description-0.0.0-py3.10.egg-info
running install_scripts
writing list of installed files to '/home/fins/myrobot_final/build/robot_arm_description/install.log'
