/home/fins/myrobot/install/robot_arm_description/lib/python3.10/site-packages/robot_arm_description/__init__.py
/home/fins/myrobot/install/robot_arm_description/lib/python3.10/site-packages/robot_arm_description/__pycache__/__init__.cpython-310.pyc
/home/fins/myrobot/install/robot_arm_description/share/ament_index/resource_index/packages/robot_arm_description
/home/fins/myrobot/install/robot_arm_description/share/robot_arm_description/package.xml
/home/fins/myrobot/install/robot_arm_description/share/robot_arm_description/launch
/home/fins/myrobot/install/robot_arm_description/share/robot_arm_description/urdf/robot_arm_description.urdf
/home/fins/myrobot/install/robot_arm_description/share/robot_arm_description/rviz
/home/fins/myrobot/install/robot_arm_description/share/robot_arm_description/meshes/link4.STL
/home/fins/myrobot/install/robot_arm_description/share/robot_arm_description/meshes/link_hand.STL
/home/fins/myrobot/install/robot_arm_description/share/robot_arm_description/meshes/link6.STL
/home/fins/myrobot/install/robot_arm_description/share/robot_arm_description/meshes/link_right.STL
/home/fins/myrobot/install/robot_arm_description/share/robot_arm_description/meshes/link3.STL
/home/fins/myrobot/install/robot_arm_description/share/robot_arm_description/meshes/link5.STL
/home/fins/myrobot/install/robot_arm_description/share/robot_arm_description/meshes/base_link.STL
/home/fins/myrobot/install/robot_arm_description/share/robot_arm_description/meshes/link1.STL
/home/fins/myrobot/install/robot_arm_description/share/robot_arm_description/meshes/link_left.STL
/home/fins/myrobot/install/robot_arm_description/share/robot_arm_description/meshes/link2.STL
/home/fins/myrobot/install/robot_arm_description/share/robot_arm_description/worlds
/home/fins/myrobot/install/robot_arm_description/lib/python3.10/site-packages/robot_arm_description-0.0.0-py3.10.egg-info/requires.txt
/home/fins/myrobot/install/robot_arm_description/lib/python3.10/site-packages/robot_arm_description-0.0.0-py3.10.egg-info/zip-safe
/home/fins/myrobot/install/robot_arm_description/lib/python3.10/site-packages/robot_arm_description-0.0.0-py3.10.egg-info/PKG-INFO
/home/fins/myrobot/install/robot_arm_description/lib/python3.10/site-packages/robot_arm_description-0.0.0-py3.10.egg-info/SOURCES.txt
/home/fins/myrobot/install/robot_arm_description/lib/python3.10/site-packages/robot_arm_description-0.0.0-py3.10.egg-info/top_level.txt
/home/fins/myrobot/install/robot_arm_description/lib/python3.10/site-packages/robot_arm_description-0.0.0-py3.10.egg-info/dependency_links.txt
