[0.612s] Invoking command in '/home/fins/myrobot_final/src/robot_arm_description': PYTHONPATH=/home/fins/myrobot_final/build/robot_arm_description/prefix_override:/usr/lib/python3/dist-packages/colcon_core/task/python/colcon_distutils_commands:/home/fins/myrobot_final/install/robot_arm_description/lib/python3.10/site-packages:${PYTHONPATH} /usr/bin/python3 -W ignore:setup.py install is deprecated setup.py egg_info --egg-base ../../build/robot_arm_description build --build-base /home/fins/myrobot_final/build/robot_arm_description/build install --record /home/fins/myrobot_final/build/robot_arm_description/install.log --single-version-externally-managed install_data
[0.746s] running egg_info
[0.752s] writing ../../build/robot_arm_description/robot_arm_description.egg-info/PKG-INFO
[0.753s] writing dependency_links to ../../build/robot_arm_description/robot_arm_description.egg-info/dependency_links.txt
[0.753s] writing requirements to ../../build/robot_arm_description/robot_arm_description.egg-info/requires.txt
[0.753s] writing top-level names to ../../build/robot_arm_description/robot_arm_description.egg-info/top_level.txt
[0.824s] reading manifest file '../../build/robot_arm_description/robot_arm_description.egg-info/SOURCES.txt'
[0.825s] writing manifest file '../../build/robot_arm_description/robot_arm_description.egg-info/SOURCES.txt'
[0.825s] running build
[0.825s] running build_py
[0.825s] running install
[0.828s] running install_lib
[0.836s] running install_data
[0.836s] copying meshes/link4.STL -> /home/fins/myrobot_final/install/robot_arm_description/share/robot_arm_description/meshes
[0.837s] copying meshes/link_hand.STL -> /home/fins/myrobot_final/install/robot_arm_description/share/robot_arm_description/meshes
[0.841s] copying meshes/link6.STL -> /home/fins/myrobot_final/install/robot_arm_description/share/robot_arm_description/meshes
[0.844s] copying meshes/link3.STL -> /home/fins/myrobot_final/install/robot_arm_description/share/robot_arm_description/meshes
[0.845s] copying meshes/link5.STL -> /home/fins/myrobot_final/install/robot_arm_description/share/robot_arm_description/meshes
[0.845s] copying meshes/base_link.STL -> /home/fins/myrobot_final/install/robot_arm_description/share/robot_arm_description/meshes
[0.858s] copying meshes/link1.STL -> /home/fins/myrobot_final/install/robot_arm_description/share/robot_arm_description/meshes
[0.860s] copying meshes/link2.STL -> /home/fins/myrobot_final/install/robot_arm_description/share/robot_arm_description/meshes
[0.860s] running install_egg_info
[0.868s] removing '/home/fins/myrobot_final/install/robot_arm_description/lib/python3.10/site-packages/robot_arm_description-0.0.0-py3.10.egg-info' (and everything under it)
[0.869s] Copying ../../build/robot_arm_description/robot_arm_description.egg-info to /home/fins/myrobot_final/install/robot_arm_description/lib/python3.10/site-packages/robot_arm_description-0.0.0-py3.10.egg-info
[0.869s] running install_scripts
[0.888s] writing list of installed files to '/home/fins/myrobot_final/build/robot_arm_description/install.log'
[0.909s] Invoked command in '/home/fins/myrobot_final/src/robot_arm_description' returned '0': PYTHONPATH=/home/fins/myrobot_final/build/robot_arm_description/prefix_override:/usr/lib/python3/dist-packages/colcon_core/task/python/colcon_distutils_commands:/home/fins/myrobot_final/install/robot_arm_description/lib/python3.10/site-packages:${PYTHONPATH} /usr/bin/python3 -W ignore:setup.py install is deprecated setup.py egg_info --egg-base ../../build/robot_arm_description build --build-base /home/fins/myrobot_final/build/robot_arm_description/build install --record /home/fins/myrobot_final/build/robot_arm_description/install.log --single-version-externally-managed install_data
