[0.010s] Invoking command in '/home/fins/myrobot_final/build/mybot': AMENT_PREFIX_PATH=/home/fins/myrobot_final/install/robot_arm_description:/home/fins/myrobot_final/install/mybot:/home/fins/Workspace/moveit2_ws/install/pilz_industrial_motion_planner_testutils:/home/fins/Workspace/moveit2_ws/install/moveit_runtime:/home/fins/Workspace/moveit2_ws/install/moveit2_tutorials:/home/fins/Workspace/moveit2_ws/install/moveit:/home/fins/Workspace/moveit2_ws/install/moveit_planners:/home/fins/Workspace/moveit2_ws/install/pilz_industrial_motion_planner:/home/fins/Workspace/moveit2_ws/install/moveit_visual_tools:/home/fins/Workspace/moveit2_ws/install/moveit_task_constructor_visualization:/home/fins/Workspace/moveit2_ws/install/moveit_task_constructor_demo:/home/fins/Workspace/moveit2_ws/install/moveit_task_constructor_capabilities:/home/fins/Workspace/moveit2_ws/install/moveit_task_constructor_core:/home/fins/Workspace/moveit2_ws/install/moveit_ros_control_interface:/home/fins/Workspace/moveit2_ws/install/moveit_plugins:/home/fins/Workspace/moveit2_ws/install/moveit_simple_controller_manager:/home/fins/Workspace/moveit2_ws/install/moveit_setup_assistant:/home/fins/Workspace/moveit2_ws/install/moveit_setup_srdf_plugins:/home/fins/Workspace/moveit2_ws/install/moveit_setup_core_plugins:/home/fins/Workspace/moveit2_ws/install/moveit_setup_controllers:/home/fins/Workspace/moveit2_ws/install/moveit_setup_app_plugins:/home/fins/Workspace/moveit2_ws/install/moveit_setup_framework:/home/fins/Workspace/moveit2_ws/install/moveit_servo:/home/fins/Workspace/moveit2_ws/install/moveit_ros:/home/fins/Workspace/moveit2_ws/install/moveit_ros_visualization:/home/fins/Workspace/moveit2_ws/install/moveit_hybrid_planning:/home/fins/Workspace/moveit2_ws/install/moveit_ros_planning_interface:/home/fins/Workspace/moveit2_ws/install/moveit_ros_benchmarks:/home/fins/Workspace/moveit2_ws/install/moveit_ros_warehouse:/home/fins/Workspace/moveit2_ws/install/moveit_ros_robot_interaction:/home/fins/Workspace/moveit2_ws/install/moveit_ros_perception:/home/fins/Workspace/moveit2_ws/install/moveit_resources_prbt_pg70_support:/home/fins/Workspace/moveit2_ws/install/moveit_resources_prbt_moveit_config:/home/fins/Workspace/moveit2_ws/install/moveit_ros_move_group:/home/fins/Workspace/moveit2_ws/install/moveit_planners_ompl:/home/fins/Workspace/moveit2_ws/install/moveit_ros_planning:/home/fins/Workspace/moveit2_ws/install/moveit_ros_occupancy_map_monitor:/home/fins/Workspace/moveit2_ws/install/moveit_resources_prbt_ikfast_manipulator_plugin:/home/fins/Workspace/moveit2_ws/install/moveit_planners_chomp:/home/fins/Workspace/moveit2_ws/install/moveit_kinematics:/home/fins/Workspace/moveit2_ws/install/moveit_chomp_optimizer_adapter:/home/fins/Workspace/moveit2_ws/install/chomp_motion_planner:/home/fins/Workspace/moveit2_ws/install/moveit_core:/home/fins/Workspace/moveit2_ws/install/moveit_configs_utils:/home/fins/Workspace/moveit2_ws/install/srdfdom:/home/fins/Workspace/moveit2_ws/install/rviz_marker_tools:/home/fins/Workspace/moveit2_ws/install/rosparam_shortcuts:/home/fins/Workspace/moveit2_ws/install/moveit_task_constructor_msgs:/home/fins/Workspace/moveit2_ws/install/moveit_resources_prbt_support:/home/fins/Workspace/moveit2_ws/install/moveit_resources:/home/fins/Workspace/moveit2_ws/install/moveit_resources_pr2_description:/home/fins/Workspace/moveit2_ws/install/moveit_resources_panda_moveit_config:/home/fins/Workspace/moveit2_ws/install/moveit_resources_panda_description:/home/fins/Workspace/moveit2_ws/install/moveit_resources_fanuc_moveit_config:/home/fins/Workspace/moveit2_ws/install/moveit_resources_fanuc_description:/home/fins/Workspace/moveit2_ws/install/moveit_common:/home/fins/Workspace/moveit2_ws/install/launch_param_builder:/opt/ros/humble CMAKE_PREFIX_PATH=${CMAKE_PREFIX_PATH}:/home/fins/myrobot_final/install/robot_arm_description:/home/fins/Workspace/moveit2_ws/install/moveit_configs_utils:/home/fins/Workspace/moveit2_ws/install/launch_param_builder:/opt/ros/humble /usr/bin/cmake --build /home/fins/myrobot_final/build/mybot -- -j32 -l32
[0.064s] [35m[1mConsolidate compiler generated dependencies of target trajectory_buffer_node[0m
[0.086s] [ 24%] Built target execute
[0.086s] [ 24%] Built target arm_execute_storage
[0.086s] [ 41%] Built target arm_execute_circle
[0.086s] [ 41%] Built target arm_execute_processing
[0.086s] [ 10%] [32mBuilding CXX object CMakeFiles/trajectory_buffer_node.dir/src/trajectory_buffer.cpp.o[0m
[0.086s] [ 42%] Built target set_target_pose
[0.086s] [ 42%] Built target arm_execute_processing_trajectory
[0.086s] [ 42%] Built target move_group_interface
[0.086s] [ 45%] Built target end_effector_feedback
[0.086s] [ 50%] Built target arm_execute_storage_trajectory
[0.087s] [ 64%] Built target arm_execute_total_trajectory
[0.087s] [ 64%] Built target arm_execute_circle_trajectory
[0.087s] [ 78%] Built target arm_execute_second_storage_trajectory
[0.087s] [ 78%] Built target arm_execute_total_trajectory_second_final
[0.087s] [ 84%] Built target arm_execute_total_trajectory_final
[0.089s] [ 91%] Built target arm_execute_total_trajectory_second
[0.090s] [ 98%] Built target arm_execute_node
[8.246s] [100%] [32m[1mLinking CXX executable trajectory_buffer_node[0m
[9.102s] [100%] Built target trajectory_buffer_node
[9.114s] Invoked command in '/home/fins/myrobot_final/build/mybot' returned '0': AMENT_PREFIX_PATH=/home/fins/myrobot_final/install/robot_arm_description:/home/fins/myrobot_final/install/mybot:/home/fins/Workspace/moveit2_ws/install/pilz_industrial_motion_planner_testutils:/home/fins/Workspace/moveit2_ws/install/moveit_runtime:/home/fins/Workspace/moveit2_ws/install/moveit2_tutorials:/home/fins/Workspace/moveit2_ws/install/moveit:/home/fins/Workspace/moveit2_ws/install/moveit_planners:/home/fins/Workspace/moveit2_ws/install/pilz_industrial_motion_planner:/home/fins/Workspace/moveit2_ws/install/moveit_visual_tools:/home/fins/Workspace/moveit2_ws/install/moveit_task_constructor_visualization:/home/fins/Workspace/moveit2_ws/install/moveit_task_constructor_demo:/home/fins/Workspace/moveit2_ws/install/moveit_task_constructor_capabilities:/home/fins/Workspace/moveit2_ws/install/moveit_task_constructor_core:/home/fins/Workspace/moveit2_ws/install/moveit_ros_control_interface:/home/fins/Workspace/moveit2_ws/install/moveit_plugins:/home/fins/Workspace/moveit2_ws/install/moveit_simple_controller_manager:/home/fins/Workspace/moveit2_ws/install/moveit_setup_assistant:/home/fins/Workspace/moveit2_ws/install/moveit_setup_srdf_plugins:/home/fins/Workspace/moveit2_ws/install/moveit_setup_core_plugins:/home/fins/Workspace/moveit2_ws/install/moveit_setup_controllers:/home/fins/Workspace/moveit2_ws/install/moveit_setup_app_plugins:/home/fins/Workspace/moveit2_ws/install/moveit_setup_framework:/home/fins/Workspace/moveit2_ws/install/moveit_servo:/home/fins/Workspace/moveit2_ws/install/moveit_ros:/home/fins/Workspace/moveit2_ws/install/moveit_ros_visualization:/home/fins/Workspace/moveit2_ws/install/moveit_hybrid_planning:/home/fins/Workspace/moveit2_ws/install/moveit_ros_planning_interface:/home/fins/Workspace/moveit2_ws/install/moveit_ros_benchmarks:/home/fins/Workspace/moveit2_ws/install/moveit_ros_warehouse:/home/fins/Workspace/moveit2_ws/install/moveit_ros_robot_interaction:/home/fins/Workspace/moveit2_ws/install/moveit_ros_perception:/home/fins/Workspace/moveit2_ws/install/moveit_resources_prbt_pg70_support:/home/fins/Workspace/moveit2_ws/install/moveit_resources_prbt_moveit_config:/home/fins/Workspace/moveit2_ws/install/moveit_ros_move_group:/home/fins/Workspace/moveit2_ws/install/moveit_planners_ompl:/home/fins/Workspace/moveit2_ws/install/moveit_ros_planning:/home/fins/Workspace/moveit2_ws/install/moveit_ros_occupancy_map_monitor:/home/fins/Workspace/moveit2_ws/install/moveit_resources_prbt_ikfast_manipulator_plugin:/home/fins/Workspace/moveit2_ws/install/moveit_planners_chomp:/home/fins/Workspace/moveit2_ws/install/moveit_kinematics:/home/fins/Workspace/moveit2_ws/install/moveit_chomp_optimizer_adapter:/home/fins/Workspace/moveit2_ws/install/chomp_motion_planner:/home/fins/Workspace/moveit2_ws/install/moveit_core:/home/fins/Workspace/moveit2_ws/install/moveit_configs_utils:/home/fins/Workspace/moveit2_ws/install/srdfdom:/home/fins/Workspace/moveit2_ws/install/rviz_marker_tools:/home/fins/Workspace/moveit2_ws/install/rosparam_shortcuts:/home/fins/Workspace/moveit2_ws/install/moveit_task_constructor_msgs:/home/fins/Workspace/moveit2_ws/install/moveit_resources_prbt_support:/home/fins/Workspace/moveit2_ws/install/moveit_resources:/home/fins/Workspace/moveit2_ws/install/moveit_resources_pr2_description:/home/fins/Workspace/moveit2_ws/install/moveit_resources_panda_moveit_config:/home/fins/Workspace/moveit2_ws/install/moveit_resources_panda_description:/home/fins/Workspace/moveit2_ws/install/moveit_resources_fanuc_moveit_config:/home/fins/Workspace/moveit2_ws/install/moveit_resources_fanuc_description:/home/fins/Workspace/moveit2_ws/install/moveit_common:/home/fins/Workspace/moveit2_ws/install/launch_param_builder:/opt/ros/humble CMAKE_PREFIX_PATH=${CMAKE_PREFIX_PATH}:/home/fins/myrobot_final/install/robot_arm_description:/home/fins/Workspace/moveit2_ws/install/moveit_configs_utils:/home/fins/Workspace/moveit2_ws/install/launch_param_builder:/opt/ros/humble /usr/bin/cmake --build /home/fins/myrobot_final/build/mybot -- -j32 -l32
[9.251s] Invoking command in '/home/fins/myrobot_final/build/mybot': AMENT_PREFIX_PATH=/home/fins/myrobot_final/install/robot_arm_description:/home/fins/myrobot_final/install/mybot:/home/fins/Workspace/moveit2_ws/install/pilz_industrial_motion_planner_testutils:/home/fins/Workspace/moveit2_ws/install/moveit_runtime:/home/fins/Workspace/moveit2_ws/install/moveit2_tutorials:/home/fins/Workspace/moveit2_ws/install/moveit:/home/fins/Workspace/moveit2_ws/install/moveit_planners:/home/fins/Workspace/moveit2_ws/install/pilz_industrial_motion_planner:/home/fins/Workspace/moveit2_ws/install/moveit_visual_tools:/home/fins/Workspace/moveit2_ws/install/moveit_task_constructor_visualization:/home/fins/Workspace/moveit2_ws/install/moveit_task_constructor_demo:/home/fins/Workspace/moveit2_ws/install/moveit_task_constructor_capabilities:/home/fins/Workspace/moveit2_ws/install/moveit_task_constructor_core:/home/fins/Workspace/moveit2_ws/install/moveit_ros_control_interface:/home/fins/Workspace/moveit2_ws/install/moveit_plugins:/home/fins/Workspace/moveit2_ws/install/moveit_simple_controller_manager:/home/fins/Workspace/moveit2_ws/install/moveit_setup_assistant:/home/fins/Workspace/moveit2_ws/install/moveit_setup_srdf_plugins:/home/fins/Workspace/moveit2_ws/install/moveit_setup_core_plugins:/home/fins/Workspace/moveit2_ws/install/moveit_setup_controllers:/home/fins/Workspace/moveit2_ws/install/moveit_setup_app_plugins:/home/fins/Workspace/moveit2_ws/install/moveit_setup_framework:/home/fins/Workspace/moveit2_ws/install/moveit_servo:/home/fins/Workspace/moveit2_ws/install/moveit_ros:/home/fins/Workspace/moveit2_ws/install/moveit_ros_visualization:/home/fins/Workspace/moveit2_ws/install/moveit_hybrid_planning:/home/fins/Workspace/moveit2_ws/install/moveit_ros_planning_interface:/home/fins/Workspace/moveit2_ws/install/moveit_ros_benchmarks:/home/fins/Workspace/moveit2_ws/install/moveit_ros_warehouse:/home/fins/Workspace/moveit2_ws/install/moveit_ros_robot_interaction:/home/fins/Workspace/moveit2_ws/install/moveit_ros_perception:/home/fins/Workspace/moveit2_ws/install/moveit_resources_prbt_pg70_support:/home/fins/Workspace/moveit2_ws/install/moveit_resources_prbt_moveit_config:/home/fins/Workspace/moveit2_ws/install/moveit_ros_move_group:/home/fins/Workspace/moveit2_ws/install/moveit_planners_ompl:/home/fins/Workspace/moveit2_ws/install/moveit_ros_planning:/home/fins/Workspace/moveit2_ws/install/moveit_ros_occupancy_map_monitor:/home/fins/Workspace/moveit2_ws/install/moveit_resources_prbt_ikfast_manipulator_plugin:/home/fins/Workspace/moveit2_ws/install/moveit_planners_chomp:/home/fins/Workspace/moveit2_ws/install/moveit_kinematics:/home/fins/Workspace/moveit2_ws/install/moveit_chomp_optimizer_adapter:/home/fins/Workspace/moveit2_ws/install/chomp_motion_planner:/home/fins/Workspace/moveit2_ws/install/moveit_core:/home/fins/Workspace/moveit2_ws/install/moveit_configs_utils:/home/fins/Workspace/moveit2_ws/install/srdfdom:/home/fins/Workspace/moveit2_ws/install/rviz_marker_tools:/home/fins/Workspace/moveit2_ws/install/rosparam_shortcuts:/home/fins/Workspace/moveit2_ws/install/moveit_task_constructor_msgs:/home/fins/Workspace/moveit2_ws/install/moveit_resources_prbt_support:/home/fins/Workspace/moveit2_ws/install/moveit_resources:/home/fins/Workspace/moveit2_ws/install/moveit_resources_pr2_description:/home/fins/Workspace/moveit2_ws/install/moveit_resources_panda_moveit_config:/home/fins/Workspace/moveit2_ws/install/moveit_resources_panda_description:/home/fins/Workspace/moveit2_ws/install/moveit_resources_fanuc_moveit_config:/home/fins/Workspace/moveit2_ws/install/moveit_resources_fanuc_description:/home/fins/Workspace/moveit2_ws/install/moveit_common:/home/fins/Workspace/moveit2_ws/install/launch_param_builder:/opt/ros/humble CMAKE_PREFIX_PATH=${CMAKE_PREFIX_PATH}:/home/fins/myrobot_final/install/robot_arm_description:/home/fins/Workspace/moveit2_ws/install/moveit_configs_utils:/home/fins/Workspace/moveit2_ws/install/launch_param_builder:/opt/ros/humble /usr/bin/cmake --install /home/fins/myrobot_final/build/mybot
[9.259s] -- Install configuration: ""
[9.260s] -- Up-to-date: /home/fins/myrobot_final/install/mybot/lib/mybot/move_group_interface
[9.260s] -- Up-to-date: /home/fins/myrobot_final/install/mybot/lib/mybot/end_effector_feedback
[9.260s] -- Up-to-date: /home/fins/myrobot_final/install/mybot/lib/mybot/execute
[9.260s] -- Up-to-date: /home/fins/myrobot_final/install/mybot/lib/mybot/set_target_pose
[9.260s] -- Up-to-date: /home/fins/myrobot_final/install/mybot/lib/mybot/arm_execute_node
[9.260s] -- Installing: /home/fins/myrobot_final/install/mybot/lib/mybot/trajectory_buffer_node
[9.268s] -- Set runtime path of "/home/fins/myrobot_final/install/mybot/lib/mybot/trajectory_buffer_node" to ""
[9.268s] -- Up-to-date: /home/fins/myrobot_final/install/mybot/lib/mybot/arm_execute_storage
[9.268s] -- Up-to-date: /home/fins/myrobot_final/install/mybot/lib/mybot/arm_execute_processing
[9.268s] -- Up-to-date: /home/fins/myrobot_final/install/mybot/lib/mybot/arm_execute_storage_trajectory
[9.268s] -- Up-to-date: /home/fins/myrobot_final/install/mybot/lib/mybot/arm_execute_second_storage_trajectory
[9.268s] -- Up-to-date: /home/fins/myrobot_final/install/mybot/lib/mybot/arm_execute_processing_trajectory
[9.269s] -- Up-to-date: /home/fins/myrobot_final/install/mybot/lib/mybot/arm_execute_total_trajectory_final
[9.269s] -- Up-to-date: /home/fins/myrobot_final/install/mybot/lib/mybot/arm_execute_total_trajectory_second
[9.269s] -- Up-to-date: /home/fins/myrobot_final/install/mybot/lib/mybot/arm_execute_total_trajectory_second_final
[9.269s] -- Up-to-date: /home/fins/myrobot_final/install/mybot/lib/mybot/arm_execute_total_trajectory
[9.269s] -- Up-to-date: /home/fins/myrobot_final/install/mybot/lib/mybot/arm_execute_circle_trajectory
[9.270s] -- Up-to-date: /home/fins/myrobot_final/install/mybot/lib/mybot/arm_execute_circle
[9.270s] -- Up-to-date: /home/fins/myrobot_final/install/mybot/share/mybot/src
[9.270s] -- Up-to-date: /home/fins/myrobot_final/install/mybot/share/mybot/src/arm_execute_total_trajectory.cpp
[9.270s] -- Up-to-date: /home/fins/myrobot_final/install/mybot/share/mybot/src/arm_execute_storage.cpp
[9.270s] -- Up-to-date: /home/fins/myrobot_final/install/mybot/share/mybot/src/arm_execute_total_trajectory_second_final_226备份.cpp
[9.270s] -- Up-to-date: /home/fins/myrobot_final/install/mybot/share/mybot/src/arm_execute_total_trajectory_second.cpp
[9.270s] -- Up-to-date: /home/fins/myrobot_final/install/mybot/share/mybot/src/trajectory_buffer_2_28大改前.cpp
[9.270s] -- Up-to-date: /home/fins/myrobot_final/install/mybot/share/mybot/src/arm_control_2_17.cpp
[9.270s] -- Up-to-date: /home/fins/myrobot_final/install/mybot/share/mybot/src/Communication.h
[9.270s] -- Up-to-date: /home/fins/myrobot_final/install/mybot/share/mybot/src/arm_execute_total_trajectory_final_改动大小前226.cpp
[9.270s] -- Up-to-date: /home/fins/myrobot_final/install/mybot/share/mybot/src/arm_control(修改相对路径前).cpp
[9.270s] -- Up-to-date: /home/fins/myrobot_final/install/mybot/share/mybot/src/log
[9.270s] -- Up-to-date: /home/fins/myrobot_final/install/mybot/share/mybot/src/log/latest
[9.270s] -- Up-to-date: /home/fins/myrobot_final/install/mybot/share/mybot/src/log/latest_list
[9.270s] -- Up-to-date: /home/fins/myrobot_final/install/mybot/share/mybot/src/log/list_2024-08-30_14-37-32
[9.270s] -- Up-to-date: /home/fins/myrobot_final/install/mybot/share/mybot/src/arm_execute_second_storage_trajectory.cpp
[9.270s] -- Up-to-date: /home/fins/myrobot_final/install/mybot/share/mybot/src/trajectory_buffer_2.27号大改前.cpp
[9.270s] -- Up-to-date: /home/fins/myrobot_final/install/mybot/share/mybot/src/Trajectory.hpp
[9.270s] -- Up-to-date: /home/fins/myrobot_final/install/mybot/share/mybot/src/arm_execute_processing.cpp
[9.270s] -- Up-to-date: /home/fins/myrobot_final/install/mybot/share/mybot/src/Trajectory.cpp
[9.270s] -- Up-to-date: /home/fins/myrobot_final/install/mybot/share/mybot/src/execute.cpp
[9.270s] -- Up-to-date: /home/fins/myrobot_final/install/mybot/share/mybot/src/arm_execute.cpp
[9.270s] -- Up-to-date: /home/fins/myrobot_final/install/mybot/share/mybot/src/arm_execute_storage_trajectory.cpp
[9.270s] -- Up-to-date: /home/fins/myrobot_final/install/mybot/share/mybot/src/end_effector_feedback.cpp
[9.270s] -- Up-to-date: /home/fins/myrobot_final/install/mybot/share/mybot/src/arm_control.cpp
[9.270s] -- Up-to-date: /home/fins/myrobot_final/install/mybot/share/mybot/src/end_effector_feedback 成功.cpp
[9.270s] -- Up-to-date: /home/fins/myrobot_final/install/mybot/share/mybot/src/arm_execute_total_trajectory_second_final.cpp
[9.270s] -- Up-to-date: /home/fins/myrobot_final/install/mybot/share/mybot/src/TrajectoryInterpolator.hpp
[9.270s] -- Up-to-date: /home/fins/myrobot_final/install/mybot/share/mybot/src/Communication.cpp
[9.271s] -- Up-to-date: /home/fins/myrobot_final/install/mybot/share/mybot/src/arm_execute_circle_trajectory.cpp
[9.271s] -- Up-to-date: /home/fins/myrobot_final/install/mybot/share/mybot/src/arm_execute_total_trajectory_final_2_27有轨迹.cpp
[9.271s] -- Up-to-date: /home/fins/myrobot_final/install/mybot/share/mybot/src/arm_execute_processing_trajectory.cpp
[9.271s] -- Up-to-date: /home/fins/myrobot_final/install/mybot/share/mybot/src/arm_execute_storage(从地上抓起来放到车上).cpp
[9.271s] -- Up-to-date: /home/fins/myrobot_final/install/mybot/share/mybot/src/move_group_interface.cpp
[9.271s] -- Up-to-date: /home/fins/myrobot_final/install/mybot/share/mybot/src/TrajectoryInterpolator.cpp
[9.271s] -- Up-to-date: /home/fins/myrobot_final/install/mybot/share/mybot/src/trajectory_buffer_gpt.cpp
[9.271s] -- Up-to-date: /home/fins/myrobot_final/install/mybot/share/mybot/src/arm_execute_total_trajectory_final.cpp
[9.271s] -- Up-to-date: /home/fins/myrobot_final/install/mybot/share/mybot/src/arm_execute_total_trajectory_调试用副本.cpp
[9.271s] -- Up-to-date: /home/fins/myrobot_final/install/mybot/share/mybot/src/.vscode
[9.271s] -- Up-to-date: /home/fins/myrobot_final/install/mybot/share/mybot/src/arm_control修改相对路径前.h
[9.271s] -- Up-to-date: /home/fins/myrobot_final/install/mybot/share/mybot/src/arm_control.h
[9.271s] -- Up-to-date: /home/fins/myrobot_final/install/mybot/share/mybot/src/trajectory_subscriber_node.cpp
[9.271s] -- Up-to-date: /home/fins/myrobot_final/install/mybot/share/mybot/src/arm_execute_circle(原来的版本).cpp
[9.271s] -- Up-to-date: /home/fins/myrobot_final/install/mybot/share/mybot/src/set_target_pose.cpp
[9.271s] -- Up-to-date: /home/fins/myrobot_final/install/mybot/share/mybot/src/arm_execute_total_trajectory_second_final_备份.cpp
[9.271s] -- Up-to-date: /home/fins/myrobot_final/install/mybot/share/mybot/src/arm_execute_circle.cpp
[9.271s] -- Installing: /home/fins/myrobot_final/install/mybot/share/mybot/src/trajectory_buffer.cpp
[9.271s] -- Up-to-date: /home/fins/myrobot_final/install/mybot/share/mybot/config
[9.271s] -- Up-to-date: /home/fins/myrobot_final/install/mybot/share/mybot/config/circle12.yaml
[9.271s] -- Up-to-date: /home/fins/myrobot_final/install/mybot/share/mybot/config/robot_arm_description.urdf.xacro
[9.271s] -- Up-to-date: /home/fins/myrobot_final/install/mybot/share/mybot/config/processing21.yaml
[9.271s] -- Up-to-date: /home/fins/myrobot_final/install/mybot/share/mybot/config/trajectory_5.yaml
[9.271s] -- Up-to-date: /home/fins/myrobot_final/install/mybot/share/mybot/config/planned_trajectory.txt
[9.271s] -- Up-to-date: /home/fins/myrobot_final/install/mybot/share/mybot/config/kinematics.yaml
[9.271s] -- Up-to-date: /home/fins/myrobot_final/install/mybot/share/mybot/config/robot_arm_description.srdf
[9.271s] -- Up-to-date: /home/fins/myrobot_final/install/mybot/share/mybot/config/processing32.yaml
[9.271s] -- Up-to-date: /home/fins/myrobot_final/install/mybot/share/mybot/config/initial_positions.yaml
[9.271s] -- Up-to-date: /home/fins/myrobot_final/install/mybot/share/mybot/config/circle31.yaml
[9.271s] -- Up-to-date: /home/fins/myrobot_final/install/mybot/share/mybot/config/planned_trajectory（复件）.txt
[9.272s] -- Up-to-date: /home/fins/myrobot_final/install/mybot/share/mybot/config/default_trajectory.yaml
[9.272s] -- Up-to-date: /home/fins/myrobot_final/install/mybot/share/mybot/config/trajectory_3.yaml
[9.272s] -- Up-to-date: /home/fins/myrobot_final/install/mybot/share/mybot/config/param_1.yaml
[9.272s] -- Up-to-date: /home/fins/myrobot_final/install/mybot/share/mybot/config/joint_limits.yaml
[9.272s] -- Up-to-date: /home/fins/myrobot_final/install/mybot/share/mybot/config/circle21.yaml
[9.272s] -- Up-to-date: /home/fins/myrobot_final/install/mybot/share/mybot/config/processing31.yaml
[9.272s] -- Up-to-date: /home/fins/myrobot_final/install/mybot/share/mybot/config/trajectory_4.yaml
[9.272s] -- Up-to-date: /home/fins/myrobot_final/install/mybot/share/mybot/config/param.yaml
[9.272s] -- Up-to-date: /home/fins/myrobot_final/install/mybot/share/mybot/config/moveit.rviz
[9.272s] -- Up-to-date: /home/fins/myrobot_final/install/mybot/share/mybot/config/circle32.yaml
[9.272s] -- Up-to-date: /home/fins/myrobot_final/install/mybot/share/mybot/config/gazebo_arm_description.urdf.xacro
[9.272s] -- Up-to-date: /home/fins/myrobot_final/install/mybot/share/mybot/config/moveit_controllers.yaml
[9.272s] -- Up-to-date: /home/fins/myrobot_final/install/mybot/share/mybot/config/planned_trajectory（另一个复件）.txt
[9.272s] -- Up-to-date: /home/fins/myrobot_final/install/mybot/share/mybot/config/processing22.yaml
[9.272s] -- Up-to-date: /home/fins/myrobot_final/install/mybot/share/mybot/config/processing12.yaml
[9.272s] -- Up-to-date: /home/fins/myrobot_final/install/mybot/share/mybot/config/processing11.yaml
[9.272s] -- Up-to-date: /home/fins/myrobot_final/install/mybot/share/mybot/config/circle22.yaml
[9.272s] -- Up-to-date: /home/fins/myrobot_final/install/mybot/share/mybot/config/robot_arm_description.ros2_control.xacro
[9.272s] -- Up-to-date: /home/fins/myrobot_final/install/mybot/share/mybot/config/ros2_controllers.yaml
[9.272s] -- Up-to-date: /home/fins/myrobot_final/install/mybot/share/mybot/config/circle11.yaml
[9.272s] -- Up-to-date: /home/fins/myrobot_final/install/mybot/share/mybot/config/pilz_cartesian_limits.yaml
[9.272s] -- Up-to-date: /home/fins/myrobot_final/install/mybot/share/mybot/launch
[9.272s] -- Up-to-date: /home/fins/myrobot_final/install/mybot/share/mybot/launch/my_moveit_rviz.launch.py
[9.272s] -- Up-to-date: /home/fins/myrobot_final/install/mybot/share/mybot/launch/setup_assistant.launch.py
[9.272s] -- Up-to-date: /home/fins/myrobot_final/install/mybot/share/mybot/launch/static_virtual_joint_tfs.launch.py
[9.272s] -- Up-to-date: /home/fins/myrobot_final/install/mybot/share/mybot/launch/moveit_rviz.launch.py
[9.272s] -- Up-to-date: /home/fins/myrobot_final/install/mybot/share/mybot/launch/warehouse_db.launch.py
[9.272s] -- Up-to-date: /home/fins/myrobot_final/install/mybot/share/mybot/launch/move_group.launch.py
[9.272s] -- Up-to-date: /home/fins/myrobot_final/install/mybot/share/mybot/launch/move_group_interface.launch.py
[9.272s] -- Up-to-date: /home/fins/myrobot_final/install/mybot/share/mybot/launch/rsp.launch.py
[9.272s] -- Up-to-date: /home/fins/myrobot_final/install/mybot/share/mybot/launch/gazebo.launch.py
[9.272s] -- Up-to-date: /home/fins/myrobot_final/install/mybot/share/mybot/launch/spawn_controllers.launch.py
[9.272s] -- Up-to-date: /home/fins/myrobot_final/install/mybot/share/mybot/launch/trajectory_subscriber_launch.py
[9.272s] -- Up-to-date: /home/fins/myrobot_final/install/mybot/share/mybot/launch/demo.launch.py
[9.272s] -- Up-to-date: /home/fins/myrobot_final/install/mybot/share/mybot/.setup_assistant
[9.272s] -- Up-to-date: /home/fins/myrobot_final/install/mybot/share/ament_index/resource_index/package_run_dependencies/mybot
[9.272s] -- Up-to-date: /home/fins/myrobot_final/install/mybot/share/ament_index/resource_index/parent_prefix_path/mybot
[9.272s] -- Up-to-date: /home/fins/myrobot_final/install/mybot/share/mybot/environment/ament_prefix_path.sh
[9.272s] -- Up-to-date: /home/fins/myrobot_final/install/mybot/share/mybot/environment/ament_prefix_path.dsv
[9.272s] -- Up-to-date: /home/fins/myrobot_final/install/mybot/share/mybot/environment/path.sh
[9.272s] -- Up-to-date: /home/fins/myrobot_final/install/mybot/share/mybot/environment/path.dsv
[9.272s] -- Up-to-date: /home/fins/myrobot_final/install/mybot/share/mybot/local_setup.bash
[9.272s] -- Up-to-date: /home/fins/myrobot_final/install/mybot/share/mybot/local_setup.sh
[9.272s] -- Up-to-date: /home/fins/myrobot_final/install/mybot/share/mybot/local_setup.zsh
[9.272s] -- Up-to-date: /home/fins/myrobot_final/install/mybot/share/mybot/local_setup.dsv
[9.272s] -- Installing: /home/fins/myrobot_final/install/mybot/share/mybot/package.dsv
[9.273s] -- Up-to-date: /home/fins/myrobot_final/install/mybot/share/ament_index/resource_index/packages/mybot
[9.273s] -- Up-to-date: /home/fins/myrobot_final/install/mybot/share/mybot/cmake/mybotConfig.cmake
[9.273s] -- Up-to-date: /home/fins/myrobot_final/install/mybot/share/mybot/cmake/mybotConfig-version.cmake
[9.273s] -- Up-to-date: /home/fins/myrobot_final/install/mybot/share/mybot/package.xml
[9.273s] Invoked command in '/home/fins/myrobot_final/build/mybot' returned '0': AMENT_PREFIX_PATH=/home/fins/myrobot_final/install/robot_arm_description:/home/fins/myrobot_final/install/mybot:/home/fins/Workspace/moveit2_ws/install/pilz_industrial_motion_planner_testutils:/home/fins/Workspace/moveit2_ws/install/moveit_runtime:/home/fins/Workspace/moveit2_ws/install/moveit2_tutorials:/home/fins/Workspace/moveit2_ws/install/moveit:/home/fins/Workspace/moveit2_ws/install/moveit_planners:/home/fins/Workspace/moveit2_ws/install/pilz_industrial_motion_planner:/home/fins/Workspace/moveit2_ws/install/moveit_visual_tools:/home/fins/Workspace/moveit2_ws/install/moveit_task_constructor_visualization:/home/fins/Workspace/moveit2_ws/install/moveit_task_constructor_demo:/home/fins/Workspace/moveit2_ws/install/moveit_task_constructor_capabilities:/home/fins/Workspace/moveit2_ws/install/moveit_task_constructor_core:/home/fins/Workspace/moveit2_ws/install/moveit_ros_control_interface:/home/fins/Workspace/moveit2_ws/install/moveit_plugins:/home/fins/Workspace/moveit2_ws/install/moveit_simple_controller_manager:/home/fins/Workspace/moveit2_ws/install/moveit_setup_assistant:/home/fins/Workspace/moveit2_ws/install/moveit_setup_srdf_plugins:/home/fins/Workspace/moveit2_ws/install/moveit_setup_core_plugins:/home/fins/Workspace/moveit2_ws/install/moveit_setup_controllers:/home/fins/Workspace/moveit2_ws/install/moveit_setup_app_plugins:/home/fins/Workspace/moveit2_ws/install/moveit_setup_framework:/home/fins/Workspace/moveit2_ws/install/moveit_servo:/home/fins/Workspace/moveit2_ws/install/moveit_ros:/home/fins/Workspace/moveit2_ws/install/moveit_ros_visualization:/home/fins/Workspace/moveit2_ws/install/moveit_hybrid_planning:/home/fins/Workspace/moveit2_ws/install/moveit_ros_planning_interface:/home/fins/Workspace/moveit2_ws/install/moveit_ros_benchmarks:/home/fins/Workspace/moveit2_ws/install/moveit_ros_warehouse:/home/fins/Workspace/moveit2_ws/install/moveit_ros_robot_interaction:/home/fins/Workspace/moveit2_ws/install/moveit_ros_perception:/home/fins/Workspace/moveit2_ws/install/moveit_resources_prbt_pg70_support:/home/fins/Workspace/moveit2_ws/install/moveit_resources_prbt_moveit_config:/home/fins/Workspace/moveit2_ws/install/moveit_ros_move_group:/home/fins/Workspace/moveit2_ws/install/moveit_planners_ompl:/home/fins/Workspace/moveit2_ws/install/moveit_ros_planning:/home/fins/Workspace/moveit2_ws/install/moveit_ros_occupancy_map_monitor:/home/fins/Workspace/moveit2_ws/install/moveit_resources_prbt_ikfast_manipulator_plugin:/home/fins/Workspace/moveit2_ws/install/moveit_planners_chomp:/home/fins/Workspace/moveit2_ws/install/moveit_kinematics:/home/fins/Workspace/moveit2_ws/install/moveit_chomp_optimizer_adapter:/home/fins/Workspace/moveit2_ws/install/chomp_motion_planner:/home/fins/Workspace/moveit2_ws/install/moveit_core:/home/fins/Workspace/moveit2_ws/install/moveit_configs_utils:/home/fins/Workspace/moveit2_ws/install/srdfdom:/home/fins/Workspace/moveit2_ws/install/rviz_marker_tools:/home/fins/Workspace/moveit2_ws/install/rosparam_shortcuts:/home/fins/Workspace/moveit2_ws/install/moveit_task_constructor_msgs:/home/fins/Workspace/moveit2_ws/install/moveit_resources_prbt_support:/home/fins/Workspace/moveit2_ws/install/moveit_resources:/home/fins/Workspace/moveit2_ws/install/moveit_resources_pr2_description:/home/fins/Workspace/moveit2_ws/install/moveit_resources_panda_moveit_config:/home/fins/Workspace/moveit2_ws/install/moveit_resources_panda_description:/home/fins/Workspace/moveit2_ws/install/moveit_resources_fanuc_moveit_config:/home/fins/Workspace/moveit2_ws/install/moveit_resources_fanuc_description:/home/fins/Workspace/moveit2_ws/install/moveit_common:/home/fins/Workspace/moveit2_ws/install/launch_param_builder:/opt/ros/humble CMAKE_PREFIX_PATH=${CMAKE_PREFIX_PATH}:/home/fins/myrobot_final/install/robot_arm_description:/home/fins/Workspace/moveit2_ws/install/moveit_configs_utils:/home/fins/Workspace/moveit2_ws/install/launch_param_builder:/opt/ros/humble /usr/bin/cmake --install /home/fins/myrobot_final/build/mybot
